file 'bm4ZB.out'; 9 or 999.9999 indicates missing data.
label
ewg       w         rp        v         sd        run       gl        pgk     
cg        gpdh      ninaC     glt       prd       mhc       ddc       duc    
eve       sli       plu       egfr      twi       zip       lsp       ve    
acr       dbi       h         cyc       fz        eip       tra       rdg    
ht        ant       ninaE     fas       mst       odh       tub       hb    
rox       ald       mlc       jan       efi                                   
pc1       adjpc1    area      areat     tibia
BM01-1 2 2 0 0 0 0 2 2 2 2 2 2 2 2 2 2 2 2 1 1 1 1 1 1 1 1 1 1 1 1 1 1 1 1 1 2 2 2 2 2 2 2 1 2 1  -0.01394  -0.12113   0.00339   0.00803   0.42200
BM01-2 0 0 0 0 2 2 2 2 1 1 1 1 1 1 1 1 1 2 2 2 2 2 1 1 1 1 1 1 1 1 1 1 1 1 1 1 1 1 1 1 1 1 1 1 1  -0.00743  -0.02656   0.00483   0.01114   0.43400
BM01-3 2 2 2 0 0 0 2 2 2 2 2 2 2 2 2 2 2 2 2 2 2 2 9 1 1 1 1 1 1 1 1 1 1 1 1 1 1 1 1 1 1 1 1 1 1  -0.01475  -0.09406   0.00355   0.00842   0.42100
BM01-4 2 0 0 0 0 0 1 1 2 2 2 1 2 2 2 2 2 1 1 1 1 1 1 1 1 1 1 1 1 1 1 1 1 1 1 1 2 2 2 2 2 2 2 2 2  -0.01697  -0.06378   0.00316   0.00707   0.44700
BM01-5 2 2 2 2 2 2 2 1 1 1 1 1 1 1 1 1 1 2 2 2 2 2 1 1 1 1 1 1 1 1 1 1 1 1 1 1 1 1 1 1 2 2 2 2 2  -0.01397  -0.13946   0.00358   0.00817   0.43800
BM02-1 2 2 2 2 2 2 1 1 1 1 9 1 1 1 1 1 1 1 9 1 1 1 2 2 2 2 9 1 1 1 1 1 1 1 1 1 1 1 1 1 1 1 1 1 1  -0.01225  -0.11392   0.00387   0.00840   0.46100
BM02-2 0 0 0 0 0 0 1 1 1 1 1 1 1 1 1 1 1 2 2 2 2 2 1 1 1 1 1 1 1 1 1 1 1 1 1 1 1 1 1 1 1 1 1 1 1  -0.00352   0.02645   0.00528   0.01228   0.43000
BM02-3 0 2 2 0 0 0 2 2 2 2 2 2 2 2 2 2 2 2 2 2 2 2 2 2 2 1 1 1 1 1 1 2 1 9 1 1 1 1 1 1 1 1 1 1 1  -0.01472  -0.07289   0.00335   0.00816   0.41000
BM02-4 0 0 0 0 0 0 2 2 2 2 1 1 1 1 1 1 1 2 2 2 2 2 2 2 2 2 2 2 2 2 2 1 1 1 1 1 1 1 1 1 1 1 1 1 1  -0.01540  -0.15294   0.00333   0.00762   0.43700
BM02-5 0 0 0 0 0 0 1 1 1 1 1 1 1 1 1 1 1 1 1 1 1 1 1 1 1 1 1 1 1 1 1 1 1 1 1 1 1 9 1 1 1 1 1 1 1  -0.00210   0.03296   0.00551   0.01258   0.43800
BM03-1 0 0 0 0 0 9 1 1 1 9 2 1 2 2 2 2 1 1 1 1 1 1 2 2 2 2 2 2 2 2 2 2 1 1 1 1 2 2 2 2 2 2 2 2 2  -0.01769  -0.13039   0.00289   0.00668   0.43300
BM03-2 2 2 2 2 2 0 1 1 1 1 2 1 1 1 1 1 1 1 1 1 1 1 1 1 1 1 1 1 1 1 1 2 2 2 2 2 2 1 1 1 1 1 1 2 1  -0.01440  -0.07985   0.00355   0.00783   0.45300
BM03-3 0 0 0 0 0 2 2 2 2 2 2 1 1 1 1 1 1 2 2 2 2 2 1 1 1 1 1 1 1 1 1 1 1 1 1 1 1 1 1 1 1 1 1 1 1  -0.00874  -0.07816   0.00456   0.01060   0.43000
BM03-4 2 2 2 2 2 2 2 2 2 2 2 2 2 2 2 2 2 2 2 2 2 2 1 1 1 1 1 1 1 1 1 9 1 1 1 1 1 1 1 1 2 2 2 2 2  -0.02089  -0.12551   0.00246   0.00556   0.44300
BM03-5 0 0 0 2 2 2 1 1 1 1 1 1 1 1 1 1 1 1 1 1 1 1 2 2 2 2 2 2 2 2 2 2 2 2 1 1 1 1 1 1 1 1 1 2 2  -0.02086  -0.20778   0.00265   0.00587   0.45200
BM04-1 2 2 2 2 0 0 2 2 1 1 1 1 1 1 1 1 1 1 1 1 1 1 1 1 1 1 1 1 1 1 1 1 1 1 1 1 1 2 2 2 2 2 2 2 2  -0.01210  -0.14749   0.00389   0.00856   0.45400
BM04-2 2 2 2 2 2 2 2 2 2 2 2 2 1 1 1 1 1 1 2 2 2 2 1 1 1 1 1 1 1 1 1 1 2 2 2 2 2 2 2 2 2 1 1 1 1  -0.02072  -0.18004   0.00269   0.00578   0.46600
BM04-3 0 0 0 2 2 0 1 1 1 1 1 1 1 1 1 1 1 1 1 1 1 1 1 1 1 1 9 1 1 1 1 1 1 1 1 1 1 1 1 1 1 1 1 1 1  -0.00208  -0.00715   0.00564   0.01273   0.44300
BM04-4 0 0 0 0 0 0 1 1 1 2 2 2 2 2 2 2 2 2 2 2 2 2 2 2 2 2 2 2 2 2 2 2 2 1 1 1 1 1 1 1 1 1 1 2 2  -0.01993  -0.13194   0.00263   0.00604   0.43500
BM04-5 0 0 0 0 0 0 1 1 1 1 1 1 1 2 2 2 2 2 2 1 1 1 2 2 2 2 2 2 2 2 2 2 2 2 2 2 2 2 2 2 2 2 2 2 2  -0.01912  -0.17292   0.00263   0.00627   0.41900
BM05-1 2 2 2 2 2 2 2 2 2 2 2 2 2 2 2 2 2 2 2 2 2 2 1 1 1 1 1 1 1 1 1 1 1 1 1 1 1 1 1 1 2 2 2 2 2  -0.02029  -0.10774   0.00257   0.00604   0.42600
BM05-2 0 0 2 2 2 0 2 2 2 2 2 1 1 1 1 1 1 1 2 2 2 2 1 1 1 1 1 2 2 2 2 2 2 2 2 1 1 1 1 1 1 1 2 2 2  -0.02019  -0.24533   0.00278   0.00621   0.44800
BM05-3 2 2 2 2 2 2 1 1 1 1 1 1 1 1 1 1 1 2 2 2 2 2 2 2 2 2 2 2 2 2 2 2 1 1 1 1 1 1 1 1 1 1 2 2 2  -0.01704  -0.19499   0.00303   0.00666   0.45500
BM05-4 0 0 0 0 2 2 2 2 2 2 2 2 2 2 2 2 2 2 2 2 2 2 2 2 2 2 2 2 2 2 2 1 1 1 1 1 1 1 1 1 1 1 1 1 1  -0.01700  -0.14100   0.00294   0.00663   0.44400
BM05-5 2 2 2 2 2 2 2 1 1 1 1 2 1 1 1 1 1 1 1 1 1 1 1 1 1 1 1 2 2 2 2 2 2 2 2 2 2 2 2 2 2 2 2 2 2  -0.01563  -0.19485   0.00326   0.00720   0.45300
BM06-1 2 2 2 2 2 2 1 2 1 1 1 1 1 2 2 2 2 1 1 1 1 1 1 1 1 2 2 2 2 2 1 1 1 1 1 1 1 1 1 1 2 2 2 2 2  -0.01813  -0.16456   0.00266   0.00626   0.42600
BM06-3 2 2 0 0 2 2 2 2 1 1 1 1 1 1 1 1 1 1 1 1 1 1 1 1 1 1 1 1 1 1 1 1 1 1 1 1 1 1 1 1 2 2 2 2 2  -0.00927  -0.05194   0.00446   0.01016   0.43900
BM06-4 0 0 0 0 0 0 2 2 2 2 2 2 1 1 1 1 1 1 1 1 1 1 2 2 2 2 2 1 1 1 1 1 1 1 1 1 1 1 1 1 2 2 2 2 1  -0.01349  -0.11958   0.00363   0.00845   0.42900
BM06-5 2 2 2 2 2 2 2 2 2 2 1 1 9 2 2 1 1 1 1 1 1 2 2 2 2 2 2 2 2 2 2 2 2 2 2 2 2 2 1 9 1 1 1 1 1  -0.02249  -0.28851   0.00203   0.00475   0.42800
BM07-1 2 2 2 2 2 2 1 2 1 1 1 1 1 1 1 1 1 2 2 2 2 2 2 2 2 2 2 2 2 2 2 2 2 2 2 2 1 1 1 1 1 1 1 1 1  -0.01891  -0.22999   0.00273   0.00601   0.45500
BM07-2 0 0 0 0 0 0 2 2 2 2 1 1 1 1 1 1 1 2 2 2 2 2 1 1 1 1 1 1 1 1 1 1 1 1 1 1 1 1 1 1 1 1 1 1 2  -0.00766  -0.07024   0.00466   0.01050   0.44400
BM07-3 2 2 2 2 0 0 2 2 2 2 2 2 2 2 2 2 2 2 2 2 2 2 2 2 2 1 1 1 1 1 1 1 1 1 1 1 1 1 1 1 1 1 1 1 1  -0.01759  -0.09482   0.00291   0.00663   0.43900
BM07-4 2 2 2 2 2 0 1 1 2 2 2 2 2 1 1 1 1 1 1 1 1 2 2 2 2 2 2 1 1 1 1 2 2 2 2 2 2 2 2 2 1 1 1 1 1  -0.02370  -0.18262   0.00224   0.00477   0.46900
BM07-5 0 0 0 0 0 0 2 2 2 2 2 2 2 2 2 2 2 2 2 2 2 2 2 2 2 2 2 2 2 2 2 2 2 2 2 2 2 2 2 2 1 1 1 1 1  -0.02259  -0.26161   0.00211   0.00504   0.41900
BM08-1 0 0 0 0 0 0 2 2 2 1 1 1 1 1 1 1 1 1 1 1 1 1 2 2 2 2 1 1 1 1 1 1 1 1 1 2 2 2 2 2 2 2 2 2 2  -0.01438  -0.18223   0.00338   0.00884   0.38200
BM08-2 2 2 2 2 2 0 2 2 2 2 2 2 2 1 1 1 1 2 1 1 1 1 9 1 1 1 1 1 1 1 1 1 1 1 1 1 1 1 1 1 1 1 9 1 1  -0.01056  -0.07870   0.00411   0.00894   0.46000
BM08-3 0 0 0 0 0 2 1 1 1 1 1 1 1 1 1 1 1 1 1 1 2 2 1 1 1 1 1 1 1 1 1 1 1 1 1 2 2 2 2 2 2 2 2 1 1  -0.00824  -0.02831   0.00459   0.01047   0.43800
BM08-4 0 0 0 0 2 2 1 2 1 1 1 1 1 2 2 2 2 2 1 1 1 1 1 1 1 1 1 1 1 1 1 1 1 1 1 1 1 1 1 1 1 1 1 1 1  -0.00555  -0.00861   0.00516   0.01140   0.45300
BM08-5 2 2 2 2 2 2 1 1 1 1 1 1 9 1 1 1 1 2 2 2 2 1 1 1 1 1 2 2 2 2 2 2 2 2 2 2 2 9 2 2 1 1 1 1 1  -0.01995  -0.15518   0.00278   0.00700   0.39700
BM09-1 2 2 0 0 0 0 1 1 1 1 1 1 1 1 1 1 1 1 1 1 1 1 2 2 2 2 2 2 1 1 1 1 1 2 2 2 2 2 2 2 2 2 2 2 2  -0.01730  -0.15923   0.00303   0.00674   0.44900
BM09-2 0 0 2 2 2 2 2 2 2 2 2 2 2 2 2 2 1 1 2 2 2 2 1 1 1 2 2 2 2 2 2 2 2 2 2 2 2 1 1 1 1 1 1 1 1  -0.02211  -0.23490   0.00239   0.00538   0.44300
BM09-3 2 2 2 2 0 0 2 2 2 2 2 2 2 2 2 2 2 1 1 1 1 2 1 1 1 1 1 1 1 1 1 1 1 1 1 1 1 1 1 1 2 2 2 2 2  -0.01452  -0.13746   0.00340   0.00748   0.45400
BM09-4 2 0 0 0 0 0 1 1 1 1 1 1 1 1 1 1 2 2 2 2 2 2 1 2 2 2 2 2 2 2 2 2 2 2 2 2 1 1 1 1 1 1 1 1 1  -0.01765  -0.18902   0.00305   0.00665   0.45900
BM09-5 2 2 2 2 2 2 2 2 2 2 2 2 2 2 2 2 2 1 1 1 1 1 2 2 1 1 1 1 1 1 1 1 1 1 1 1 1 1 1 1 1 1 1 2 1  -0.01209  -0.13795   0.00386   0.00867   0.44500
BM10-1 2 2 2 2 2 2 1 1 1 1 1 1 1 1 1 1 1 1 1 1 1 1 1 1 1 1 1 1 1 1 1 1 1 1 2 2 2 2 2 2 2 2 2 2 2  -0.01321  -0.08817   0.00375   0.00810   0.46300
BM10-2 0 0 2 2 2 0 1 1 1 1 1 1 1 2 2 2 2 2 2 2 2 2 1 1 1 1 1 1 1 1 1 1 1 1 1 1 1 1 1 1 1 1 2 2 2  -0.01153   0.01222   0.00378   0.00831   0.45500
BM10-3 0 0 0 0 0 0 1 1 1 2 2 2 2 1 1 1 1 1 2 2 2 2 1 1 1 1 1 1 1 1 1 1 1 1 2 2 2 2 2 1 1 1 1 1 1  -0.00719  -0.08091   0.00469   0.01020   0.46000
BM10-4 0 0 0 0 0 0 1 1 2 2 2 2 2 2 2 2 2 1 1 1 1 1 1 1 1 1 1 1 1 1 1 1 1 2 1 2 2 2 2 2 1 1 1 1 1  -0.01471  -0.10289   0.00323   0.00711   0.45500
BM10-5 2 2 2 2 2 2 2 2 2 2 2 1 2 2 2 2 2 2 2 2 2 2 1 1 1 1 2 2 2 2 2 2 2 2 2 2 2 2 2 2 2 2 2 2 2  -0.02190  -0.24824   0.00205   0.00474   0.43200
BM11-1 2 2 2 0 0 0 2 1 1 1 1 1 1 1 1 1 1 1 2 2 2 2 2 2 2 2 2 2 1 1 1 1 9 1 1 2 2 2 2 2 2 2 2 2 1  -0.01754  -0.17999   0.00297   0.00701   0.42400
BM11-2 0 0 0 0 0 0 2 2 2 2 2 2 2 2 2 2 2 1 1 1 1 1 2 2 2 2 2 2 1 1 1 1 1 1 1 1 1 1 1 1 1 1 1 1 1  -0.01575  -0.06744   0.00317   0.00749   0.42300
BM11-3 2 2 2 2 0 0 2 2 1 1 1 1 1 1 1 1 1 1 1 1 1 1 2 2 2 1 1 1 1 1 1 1 1 1 1 1 1 1 1 1 1 1 1 1 1  -0.01030  -0.08548   0.00412   0.00950   0.43300
BM11-4 2 2 2 2 2 2 2 1 1 1 1 1 1 2 2 2 2 2 2 2 2 2 2 2 2 2 2 1 1 1 1 1 1 1 1 1 1 1 1 1 1 1 1 1 1  -0.01465  -0.16122   0.00331   0.00757   0.43700
BM11-5 0 0 0 2 2 2 1 1 1 1 1 1 1 1 1 1 1 2 2 2 2 2 1 1 1 1 1 1 1 1 1 2 2 2 2 2 2 1 1 1 2 2 2 2 2  -0.01297  -0.11751   0.00386   0.00901   0.42800
BM12-1 0 0 0 0 0 0 2 2 2 2 2 2 2 2 2 2 2 2 2 2 2 2 1 1 1 1 1 1 1 1 1 1 1 1 1 2 2 2 2 2 2 2 2 2 2  -0.01690  -0.18004   0.00325   0.00761   0.42700
BM12-2 2 2 2 2 2 2 2 2 2 1 1 1 1 1 1 1 1 1 1 1 1 1 1 1 1 1 1 1 1 1 1 2 2 2 2 1 1 1 1 1 1 1 1 1 1  -0.01046  -0.11710   0.00410   0.00890   0.46000
BM12-3 9 0 0 0 9 0 2 2 2 2 2 2 2 2 1 1 2 2 2 2 2 2 9 2 2 2 2 9 1 1 1 1 1 1 1 1 2 2 2 2 2 2 2 2 2  -0.01934  -0.23549   0.00247   0.00577   0.42800
BM12-4 2 2 2 2 2 2 1 1 2 2 2 2 2 2 2 2 1 1 1 1 1 1 1 1 1 1 1 1 1 1 1 1 1 1 1 1 2 2 2 2 2 2 2 2 2  -0.01879  -0.13027   0.00268   0.00640   0.41900
BM12-5 0 0 0 0 0 0 2 2 2 2 2 2 2 2 2 2 2 2 2 2 2 2 2 2 2 2 1 1 1 1 1 1 1 1 1 1 1 1 1 1 1 1 1 1 1  -0.01256  -0.13228   0.00375   0.00856   0.43800
BM13-1 0 0 0 0 0 0 2 2 2 2 2 2 1 1 1 1 1 1 2 2 2 1 1 1 1 1 1 2 2 2 2 2 2 2 2 2 2 2 2 2 2 2 2 1 1  -0.01727  -0.20177   0.00286   0.00677   0.42200
BM13-2 2 2 2 2 2 0 1 9 1 1 1 1 2 2 2 2 9 2 2 2 2 2 1 1 1 1 1 2 2 2 2 2 2 2 2 2 2 2 2 2 2 2 2 2 2  -0.02103  -0.17704   0.00243   0.00573   0.42400
BM13-3 0 0 0 0 2 2 2 2 2 2 2 2 1 1 1 1 1 1 2 2 2 2 2 2 2 2 2 2 2 2 2 2 2 2 2 2 2 2 2 2 2 2 2 2 2  -0.02285  -0.27399   0.00211   0.00470   0.44800
BM13-4 2 2 2 2 2 2 2 2 2 2 2 2 2 2 2 2 2 2 2 2 2 2 2 2 2 2 2 2 2 2 2 2 2 2 2 2 2 2 2 2 2 1 1 1 1  -0.02118  -0.25469   0.00211   0.00479   0.44100
BM13-5 0 0 0 0 0 0 2 2 2 2 2 2 1 1 1 1 1 1 1 1 1 1 1 1 2 2 2 2 2 2 2 2 2 2 2 2 2 2 2 2 2 2 2 2 2  -0.02105  -0.29145   0.00228   0.00515   0.44200
BM14-1 2 2 2 2 2 0 1 2 1 1 1 1 1 1 1 1 1 1 1 1 1 1 1 1 1 1 1 1 1 1 1 1 1 1 1 1 1 1 1 1 1 2 2 2 2  -0.00793  -0.03350   0.00451   0.00961   0.46900
BM14-2 0 0 0 2 2 2 2 2 2 2 2 2 1 1 1 1 1 1 1 1 1 1 2 2 2 2 2 2 2 2 2 2 2 2 2 2 2 2 2 2 2 1 1 1 1  -0.01958  -0.22428   0.00263   0.00573   0.46000
BM14-3 0 2 2 2 2 2 2 2 2 2 2 2 2 2 2 2 2 1 1 1 1 1 1 1 1 1 1 1 1 1 1 1 1 1 1 1 1 1 1 1 1 1 1 1 1  -0.01323  -0.05465   0.00361   0.00807   0.44800
BM14-4 0 0 0 0 0 0 2 2 2 2 2 2 1 1 1 1 1 1 2 2 2 1 2 2 2 2 2 2 2 2 2 2 2 2 2 2 2 2 2 2 2 2 2 2 2  -0.02104  -0.25903   0.00232   0.00541   0.42800
BM14-5 0 2 2 2 2 2 2 2 2 2 2 2 2 2 2 2 2 2 2 2 2 2 2 2 2 1 1 1 1 1 1 1 1 1 1 1 2 2 2 2 2 1 2 2 2  -0.02176  -0.25301   0.00229   0.00527   0.43500
BM15-1 0 2 2 2 0 0 1 1 1 1 1 1 1 2 2 2 2 2 1 1 1 1 1 1 1 1 1 1 1 1 1 1 1 1 1 1 1 1 1 2 2 2 2 2 2  -0.01453  -0.07220   0.00346   0.00783   0.44200
BM15-2 0 0 0 0 0 0 1 1 1 1 1 1 1 1 1 1 1 1 1 1 1 1 2 2 2 2 2 2 2 2 2 2 2 1 1 1 1 1 1 1 1 1 1 1 1  -0.01027  -0.07864   0.00429   0.00896   0.47900
BM15-3 2 2 2 2 2 0 1 1 1 1 1 1 1 1 1 1 1 1 1 1 1 1 2 2 2 2 2 1 1 1 1 1 1 1 1 1 1 1 1 1 1 1 1 1 1  -0.00766  -0.09495   0.00441   0.00962   0.45800
BM15-4 0 0 0 2 2 2 2 2 2 1 1 1 1 1 1 1 1 2 2 2 2 2 9 2 1 1 1 1 1 1 1 9 1 1 1 1 1 1 1 2 2 2 2 2 2  -0.01293  -0.13338   0.00367   0.00809   0.45400
BM15-5 2 2 2 2 2 2 2 2 2 2 2 2 2 1 1 1 2 2 2 2 2 2 2 2 2 2 2 1 1 1 1 2 2 2 2 2 2 2 2 2 1 1 1 1 1  -0.02184  -0.24074   0.00225   0.00520   0.43200
BM16-1 0 0 0 0 0 2 2 2 2 2 2 2 1 1 1 1 2 2 2 2 2 2 2 2 2 2 2 2 2 2 2 2 2 2 2 2 2 2 2 1 1 1 1 1 1  -0.01936  -0.25841   0.00257   0.00577   0.44500
BM16-2 2 2 0 0 0 2 1 1 1 1 1 1 1 1 1 1 1 1 1 1 1 1 1 1 1 1 1 1 1 1 1 1 1 1 1 1 1 1 1 1 1 2 2 2 2  -0.00784   0.01753   0.00464   0.01072   0.43300
BM16-3 0 0 0 0 0 2 2 2 2 2 2 2 2 2 2 2 2 2 2 2 2 2 1 1 1 2 2 2 2 2 2 2 2 2 2 1 1 1 1 1 1 1 2 2 2  -0.02338  -0.21120   0.00224   0.00509   0.43900
BM16-4 2 2 2 2 0 2 1 1 1 1 1 1 1 1 1 1 1 1 2 2 2 2 1 1 1 1 1 1 1 1 1 1 1 1 1 1 1 1 1 1 1 1 1 1 1  -0.00750   0.03123   0.00451   0.00996   0.45300
BM16-5 0 0 0 0 2 2 2 2 2 2 2 2 2 2 2 1 1 2 1 1 1 1 2 2 2 2 2 2 2 2 1 1 1 1 1 1 1 1 1 1 1 1 1 1 1  -0.01360  -0.16811   0.00342   0.00740   0.46200
BM17-1 0 0 0 0 2 2 1 1 1 1 1 1 2 2 2 1 1 1 1 1 1 1 1 1 1 1 2 2 2 2 2 1 1 1 1 1 2 2 2 2 1 1 1 1 1  -0.01081  -0.07528   0.00406   0.00916   0.44300
BM17-2 2 2 2 2 2 2 2 2 2 2 2 2 2 2 2 2 2 2 2 2 2 2 1 1 1 1 1 1 1 1 1 1 1 1 1 1 1 1 1 1 1 1 1 1 1  -0.01784  -0.07042   0.00284   0.00650   0.43700
BM17-3 0 0 0 0 0 0 1 1 1 1 1 1 1 2 2 2 2 2 2 2 2 2 2 2 2 2 2 2 2 2 2 1 2 1 1 1 1 1 1 1 1 1 1 1 1  -0.01417  -0.11364   0.00345   0.00771   0.44700
BM17-4 2 2 2 2 2 0 1 1 1 9 1 1 1 1 1 1 1 1 1 1 1 2 2 2 2 2 2 2 1 1 1 1 1 1 1 1 1 1 1 1 1 2 2 2 2  -0.01118  -0.16727   0.00395   0.00862   0.45800
BM17-5 2 2 2 2 2 2 2 2 1 2 1 1 1 1 1 1 2 2 2 2 2 2 2 2 2 2 2 2 2 2 1 1 1 1 1 1 1 1 1 1 1 1 1 1 1  -0.01790  -0.18709   0.00279   0.00617   0.45200
BM18-1 0 0 2 2 2 2 1 1 1 1 1 1 1 1 2 2 2 2 2 1 1 1 2 2 2 2 2 2 2 2 2 2 2 2 2 2 2 2 2 2 1 1 1 1 1  -0.02023  -0.18580   0.00258   0.00570   0.45300
BM18-2 2 2 2 2 2 2 2 2 2 2 1 1 1 1 1 1 1 1 1 1 2 2 1 1 1 1 1 1 1 1 1 1 1 1 1 1 1 1 1 1 1 1 1 1 1  -0.01165  -0.10126   0.00394   0.00842   0.46800
BM18-3 0 0 0 0 0 0 1 1 1 1 1 1 1 1 1 1 1 1 1 1 1 1 1 1 1 1 1 1 1 1 1 1 1 1 1 1 1 1 1 1 1 2 2 2 2  -0.00335  -0.01598   0.00541   0.01222   0.44300
BM18-4 2 2 2 2 2 2 1 1 1 1 1 1 1 1 1 1 2 2 2 2 2 2 1 1 2 2 2 2 2 2 2 2 2 2 2 2 2 1 1 1 1 1 1 1 1  -0.01879  -0.19430   0.00274   0.00619   0.44300
BM18-5 0 0 0 0 0 0 2 2 2 2 2 2 2 2 2 2 2 1 1 1 1 1 2 2 2 2 2 2 2 2 1 1 1 1 2 2 2 1 1 1 1 1 1 2 2  -0.02036  -0.20299   0.00250   0.00557   0.44800
BM19-1 2 2 2 2 2 2 2 2 2 2 2 2 2 2 2 2 2 2 2 2 2 2 1 1 1 1 1 1 1 1 1 1 1 1 1 1 1 1 1 1 1 1 1 2 2  -0.01770  -0.11520   0.00308   0.00688   0.44700
BM19-2 0 0 0 2 2 2 1 1 1 1 1 1 1 1 1 1 1 2 2 2 2 2 2 2 2 2 1 1 1 1 1 1 1 2 2 2 1 1 1 1 1 1 1 2 2  -0.01362  -0.11170   0.00348   0.00768   0.45300
BM19-3 2 2 2 2 2 2 2 2 2 2 2 2 1 1 1 1 1 1 1 1 1 1 2 2 2 2 2 1 1 1 1 1 1 1 1 1 1 1 1 1 1 1 1 1 1  -0.01511  -0.12871   0.00335   0.00719   0.46600
BM19-4 0 0 0 0 0 2 2 2 2 2 2 2 2 2 2 2 2 1 1 1 1 1 2 2 1 1 1 1 1 1 1 1 1 1 1 1 1 1 1 2 2 2 2 2 2  -0.01669  -0.02707   0.00311   0.00694   0.44800
BM19-5 2 2 2 2 0 0 1 1 1 1 1 1 1 1 1 1 1 2 2 2 2 2 1 1 1 2 2 2 2 2 2 2 2 1 1 1 1 1 1 1 1 1 1 1 1  -0.01693  -0.14841   0.00315   0.00681   0.46300
BM20-1 0 0 0 0 0 0 1 2 1 2 2 2 2 2 2 2 2 2 2 2 2 2 1 1 1 1 1 1 1 1 1 1 1 1 1 1 1 1 1 1 1 1 1 1 1  -0.00555   0.01494   0.00483   0.01144   0.42200
BM20-2 2 2 2 2 0 2 2 2 2 2 2 2 2 2 2 2 2 2 2 2 1 1 1 1 1 1 1 1 1 1 2 2 2 2 2 2 2 2 2 2 2 2 2 2 2  -0.02044  -0.28593   0.00243   0.00541   0.44900
BM20-3 0 0 0 0 0 0 2 1 1 1 1 2 1 1 1 1 1 1 1 1 1 1 1 1 1 1 1 2 2 2 2 2 2 2 2 2 1 1 1 2 2 2 2 2 2  -0.01437  -0.09393   0.00349   0.00800   0.43600
BM20-4 2 2 2 2 2 2 2 2 2 2 2 2 1 1 2 2 2 2 2 2 2 2 2 2 2 1 1 1 1 1 1 1 1 1 2 2 2 2 2 2 1 1 1 1 1  -0.01835  -0.22731   0.00292   0.00638   0.45800
BM20-5 0 0 0 0 0 0 2 2 2 2 1 1 1 1 1 1 1 2 1 1 1 1 2 2 2 2 2 1 1 1 1 1 1 1 1 1 1 1 1 1 1 1 1 1 1  -0.00692  -0.05778   0.00469   0.01088   0.43100
BM21-1 2 2 2 2 2 2 1 1 1 1 1 1 2 2 2 2 2 1 1 1 1 1 2 2 2 2 2 2 2 2 2 2 2 2 2 2 2 2 2 2 2 2 2 2 2  -0.02525  -0.14757   0.00183   0.00408   0.44800
BM21-2 0 0 0 0 0 0 1 1 2 2 2 2 2 2 2 2 1 1 1 1 1 1 2 2 2 2 2 2 2 2 2 2 2 2 2 2 2 2 2 2 2 1 1 1 1  -0.02419  -0.16800   0.00212   0.00490   0.43300
BM21-3 2 2 2 2 2 2 1 2 2 2 2 2 2 2 2 2 2 2 2 2 1 2 2 2 2 2 2 2 2 2 2 2 2 2 2 2 2 2 2 2 2 2 2 2 2  -0.02876  -0.17583   0.00151   0.00342   0.44200
BM21-4 0 0 0 0 0 0 1 1 1 1 1 1 1 1 1 1 1 1 1 1 1 1 2 2 2 2 2 2 2 2 2 2 2 1 1 1 1 1 1 1 9 2 2 2 2  -0.01425  -0.11242   0.00351   0.00759   0.46200
BM21-5 2 2 2 2 2 0 1 1 1 1 1 1 1 1 1 1 1 1 1 1 1 1 1 1 1 1 1 1 1 1 1 1 1 1 1 1 1 1 1 1 1 1 1 1 1  -0.00588  -0.00484   0.00486   0.01063   0.45700
BM22-1 0 0 0 0 0 2 1 1 1 1 1 1 1 1 1 2 2 2 2 2 2 2 1 1 1 2 2 1 1 1 1 1 1 1 1 1 1 1 1 1 1 1 1 1 2  -0.00814  -0.05469   0.00462   0.01072   0.43100
BM22-2 0 0 0 0 0 2 1 1 1 1 1 1 1 1 1 1 1 2 1 1 1 1 1 2 2 2 2 2 2 2 2 1 1 1 1 1 1 1 1 1 1 1 1 1 1  -0.01026  -0.08685   0.00420   0.00970   0.43300
BM22-3 0 0 0 0 0 0 1 1 2 2 2 2 2 1 1 1 1 1 1 1 1 1 2 2 2 2 2 1 1 1 1 1 1 1 1 2 2 2 2 2 2 2 2 2 2  -0.01557  -0.14413   0.00319   0.00731   0.43700
BM22-4 2 2 2 2 2 2 2 2 2 2 2 2 2 2 2 2 2 2 2 2 2 2 1 1 1 1 1 1 1 1 1 1 1 1 2 2 9 2 2 2 2 2 2 2 2  -0.02166  -0.20349   0.00235   0.00535   0.44000
BM22-5 2 2 2 0 0 0 2 2 2 2 2 2 2 1 1 1 1 2 2 2 2 2 9 1 1 1 1 1 1 1 1 2 2 2 2 2 9 2 2 2 2 2 2 2 2  -0.02089  -0.15297   0.00245   0.00581   0.42100
BM23-1 2 2 2 2 2 2 1 1 1 1 1 1 1 2 2 2 2 2 2 2 2 2 1 1 1 1 1 1 1 1 1 1 1 1 1 1 1 1 1 1 1 1 1 1 1  -0.01009  -0.06225   0.00413   0.00883   0.46800
BM23-2 2 2 2 2 2 0 2 2 2 2 2 2 1 1 1 1 1 1 1 1 1 1 2 2 2 2 2 2 2 2 2 2 2 2 1 1 1 1 1 1 1 1 1 1 1  -0.02151  -0.21979   0.00252   0.00556   0.45300
BM23-3 2 2 2 2 2 2 1 1 2 2 2 2 2 1 1 1 1 2 2 2 2 2 2 2 2 2 2 2 2 2 2 2 2 2 2 1 1 1 1 1 1 1 1 1 1  -0.02343  -0.18300   0.00205   0.00442   0.46400
BM23-4 0 0 0 0 0 2 1 1 1 1 1 1 1 1 1 1 1 1 1 1 1 1 1 1 1 1 2 2 2 2 2 2 2 2 2 2 2 2 2 2 1 1 1 1 1  -0.00762  -0.06032   0.00451   0.00985   0.45800
BM23-5 0 0 0 2 2 2 1 1 1 1 2 2 2 2 2 2 2 2 2 2 2 2 2 2 1 1 1 1 1 1 2 2 2 2 2 2 1 1 1 1 1 2 2 2 2  -0.01830  -0.12137   0.00288   0.00628   0.45800
BM24-1 2 2 2 2 2 2 2 2 2 2 2 2 2 2 2 2 2 2 1 1 1 1 2 2 2 1 1 1 1 1 1 1 1 1 1 1 1 1 1 1 1 1 1 1 1  -0.01765  -0.11480   0.00294   0.00650   0.45300
BM24-2 0 0 0 0 0 0 1 1 1 1 1 1 1 1 1 1 1 1 1 1 1 1 1 1 1 1 1 1 1 1 1 2 2 2 2 2 2 2 2 2 2 2 2 2 2  -0.01380  -0.03197   0.00345   0.00798   0.43200
BM24-3 2 2 2 2 0 2 1 2 2 2 2 2 2 2 2 2 2 1 1 1 1 1 1 1 1 1 1 1 1 1 1 1 2 1 1 1 1 1 1 1 1 1 1 1 1  -0.01458  -0.02820   0.00336   0.00742   0.45200
BM24-4 0 0 0 0 0 2 2 2 2 2 2 2 2 2 2 2 2 1 1 1 1 1 1 1 1 1 1 1 1 1 2 2 2 2 2 2 2 2 2 1 1 1 2 2 2  -0.02122  -0.14618   0.00255   0.00576   0.44300
BM24-5 2 2 2 2 2 2 2 2 2 2 2 2 1 1 2 1 1 1 1 1 1 1 2 2 1 1 1 1 1 1 1 1 1 1 1 1 1 2 2 2 2 2 2 2 2  -0.01998  -0.14042   0.00262   0.00577   0.45400
BM25-1 0 0 0 2 2 2 1 1 1 1 1 1 1 2 2 2 2 2 2 2 2 2 2 2 2 2 2 2 2 2 2 1 1 1 1 2 2 2 2 2 2 1 1 1 1  -0.02083  -0.17340   0.00249   0.00597   0.41700
BM25-2 2 2 2 2 2 2 1 1 1 1 2 2 2 1 1 1 1 1 1 1 1 1 1 2 2 2 2 2 2 2 2 2 1 1 1 1 1 1 1 1 1 2 2 2 2  -0.01945  -0.19978   0.00262   0.00567   0.46300
BM25-3 0 0 0 0 0 0 2 1 1 1 1 1 1 1 1 1 1 1 1 1 1 1 2 2 2 2 2 2 1 1 1 1 1 1 1 1 1 1 1 1 1 1 1 1 1  -0.00853  -0.08614   0.00444   0.01012   0.43900
BM25-4 2 2 2 0 0 0 2 2 2 2 2 2 1 1 1 1 1 1 1 1 1 1 2 2 2 2 2 1 1 1 1 1 1 1 1 2 2 2 2 2 2 2 2 2 2  -0.01812  -0.24131   0.00291   0.00674   0.43200
BM25-5 0 0 0 0 0 0 2 1 1 1 1 1 1 1 2 2 2 1 1 1 1 1 2 2 2 2 1 1 1 1 1 1 1 1 1 1 1 1 1 1 1 1 1 1 1  -0.00714  -0.04746   0.00464   0.01084   0.42800
BM26-1 0 0 0 0 0 0 2 2 2 2 2 2 2 2 2 2 2 1 1 1 1 1 1 1 1 1 1 1 1 1 1 1 1 1 1 1 1 1 1 1 1 1 1 1 1  -0.00769   0.03579   0.00438   0.01001   0.43800
BM26-2 0 0 0 0 0 0 1 1 1 1 1 1 1 1 1 1 1 1 2 2 2 2 1 1 1 2 2 2 2 2 2 2 2 2 2 2 1 1 1 1 1 1 1 2 2  -0.01380  -0.07903   0.00356   0.00817   0.43600
BM26-3 0 0 0 0 2 2 2 2 2 2 2 1 2 2 2 2 2 2 2 2 2 1 1 1 1 1 2 2 2 2 2 1 1 1 1 1 1 1 1 1 1 1 1 1 1  -0.01408  -0.11031   0.00356   0.00797   0.44700
BM26-4 2 2 2 0 0 0 2 2 2 2 2 2 2 2 2 2 2 2 2 2 2 2 1 1 1 1 1 1 1 1 1 1 1 1 1 1 1 1 1 1 1 1 2 2 2  -0.01267  -0.15263   0.00364   0.00829   0.43900
BM26-5 2 2 2 2 2 2 1 1 2 2 2 2 2 2 2 2 2 2 2 2 2 2 2 2 2 2 2 1 1 1 1 1 1 1 1 1 1 1 1 1 2 2 2 2 2  -0.01888  -0.18149   0.00272   0.00588   0.46300
BM27-1 0 0 0 0 0 0 2 2 2 2 2 2 2 2 2 2 2 2 2 2 2 2 1 1 1 2 2 2 2 2 2 2 2 2 2 2 2 2 2 1 2 2 2 2 2  -0.02067  -0.23230   0.00241   0.00570   0.42300
BM27-2 2 2 2 2 2 2 1 1 1 1 1 1 1 1 1 1 1 2 2 2 2 2 1 1 1 1 1 1 1 1 1 2 2 2 2 1 1 1 1 1 1 2 2 2 2  -0.01592  -0.07339   0.00310   0.00676   0.45800
BM27-3 0 0 2 2 2 2 1 9 1 1 1 1 1 1 1 1 1 1 1 1 1 2 1 1 1 1 1 1 1 1 1 2 2 2 2 2 2 1 1 1 1 1 1 1 1  -0.00905  -0.07658   0.00438   0.00957   0.45800
BM27-4 2 2 0 0 0 0 2 2 2 2 2 2 2 2 2 2 2 1 1 1 1 1 9 1 1 1 1 1 1 1 1 1 1 1 1 1 1 1 1 1 1 2 2 2 2  -0.01408  -0.10380   0.00353   0.00855   0.41300
BM27-5 0 0 0 0 2 2 1 1 1 1 1 1 1 1 1 1 1 1 1 1 1 1 1 1 1 1 1 2 2 2 2 2 2 2 2 2 2 2 2 2 2 2 2 2 2  -0.01895  -0.08751   0.00284   0.00652   0.43500
BM28-1 0 0 0 0 2 2 2 2 2 2 2 2 2 2 2 2 1 1 1 1 1 1 2 2 2 2 2 2 2 2 1 1 1 2 2 2 1 1 1 2 2 2 2 2 2  -0.01891  -0.23639   0.00255   0.00591   0.43200
BM28-2 2 2 0 0 0 0 2 2 2 2 1 1 1 1 1 1 1 1 1 1 1 1 1 1 1 1 1 1 1 1 1 2 2 2 2 2 2 2 2 2 1 1 1 1 1  -0.01526  -0.14331   0.00332   0.00743   0.44700
BM28-3 0 0 0 2 2 2 1 1 1 1 2 1 1 1 1 1 1 1 1 1 1 1 1 1 1 1 1 1 1 1 1 1 1 1 1 1 1 1 1 1 2 2 2 2 2  -0.00791  -0.00715   0.00437   0.00934   0.46800
BM28-4 2 2 0 0 0 0 1 1 1 1 1 1 1 1 2 2 2 2 1 2 2 2 1 1 2 2 2 2 2 2 2 2 2 2 2 2 2 2 2 2 2 2 2 2 2  -0.02020  -0.24513   0.00246   0.00556   0.44200
BM28-5 0 0 0 0 0 9 1 1 1 1 1 1 2 2 2 1 1 1 1 1 1 1 2 2 1 1 1 1 1 1 1 1 2 2 2 2 2 2 2 2 2 2 2 2 1  -0.01576  -0.10658   0.00326   0.00792   0.41200
BM29-1 2 2 2 2 2 2 1 1 1 1 1 1 2 2 2 2 2 2 2 2 2 2 1 1 1 1 1 1 1 1 1 1 1 1 1 1 1 1 1 2 2 2 2 2 2  -0.01507  -0.10671   0.00328   0.00738   0.44400
BM29-2 0 0 0 0 0 0 2 2 2 2 2 2 1 1 1 2 1 2 1 1 1 1 1 1 2 2 2 2 2 2 2 1 1 1 1 1 1 1 1 1 1 1 1 1 1  -0.01221  -0.13511   0.00387   0.00882   0.43800
BM29-3 2 2 0 0 0 0 1 1 1 1 1 1 2 2 2 2 2 2 2 1 1 1 1 1 1 1 1 1 1 1 1 1 1 1 1 1 1 1 1 1 1 1 1 1 1  -0.00892  -0.00572   0.00431   0.00987   0.43700
BM29-4 0 0 0 0 0 0 1 1 1 1 1 1 1 1 1 1 1 1 1 1 1 2 1 1 1 1 2 2 2 2 2 2 2 1 1 1 1 1 1 1 1 1 1 1 2  -0.00790  -0.07130   0.00460   0.00987   0.46600
BM29-5 2 2 2 2 2 2 2 2 1 1 1 1 1 1 1 1 1 1 1 1 1 1 1 1 1 1 1 1 1 1 1 1 1 1 1 1 2 2 2 2 2 1 1 1 1  -0.00860  -0.07691   0.00449   0.00976   0.46000
BM30-1 2 2 2 2 2 2 2 2 2 2 2 2 2 2 2 2 2 2 2 2 2 2 9 1 1 1 1 1 1 1 1 2 2 2 2 1 1 1 1 1 1 1 1 1 1  -0.02021  -0.22162   0.00262   0.00581   0.45100
BM31-1 0 0 0 0 0 0 1 1 1 1 2 1 1 1 1 1 1 1 1 1 1 1 1 1 1 2 2 2 2 2 2 2 2 2 1 1 1 1 1 1 1 1 1 1 1  -0.00649  -0.03280   0.00487   0.01087   0.44800
BM31-2 2 2 0 0 0 0 2 2 2 2 2 1 1 1 1 9 2 2 1 1 1 1 1 1 2 2 2 2 2 2 2 1 1 1 1 1 1 1 1 1 1 1 1 1 1  -0.01575  -0.17665   0.00341   0.00770   0.44200
BM31-3 0 0 0 0 0 0 1 1 1 1 1 1 1 2 2 2 2 2 2 2 2 2 1 1 1 2 2 2 2 2 2 2 2 2 2 2 2 2 2 2 1 1 1 1 1  -0.01555  -0.18952   0.00325   0.00740   0.43900
BM31-4 2 2 2 2 2 2 1 1 1 1 1 1 2 2 2 2 1 1 1 1 1 1 1 1 2 2 2 2 2 2 2 2 2 2 2 1 1 1 1 1 1 1 1 1 1  -0.01933  -0.19582   0.00264   0.00580   0.45500
BM31-5 0 0 0 0 0 0 2 2 2 2 2 2 2 2 2 1 1 1 1 1 1 1 2 2 2 2 2 1 1 1 1 1 1 1 1 2 2 2 2 2 2 2 2 2 2  -0.01700  -0.18245   0.00303   0.00711   0.42600
BM32-1 2 2 2 2 2 2 1 1 1 1 1 1 1 1 1 1 2 2 2 2 2 2 2 2 2 2 2 2 2 2 2 2 2 2 2 2 2 2 2 2 2 2 2 2 2  -0.02140  -0.24061   0.00221   0.00521   0.42500
BM32-2 0 0 0 0 0 2 1 1 1 1 1 1 1 2 2 2 2 1 1 1 1 1 1 1 1 1 1 1 1 1 1 2 2 2 2 1 1 1 1 1 1 2 2 2 2  -0.00768  -0.03884   0.00457   0.00992   0.46100
BM32-3 2 2 2 2 0 0 2 1 1 1 1 1 1 1 1 1 1 2 1 1 1 1 2 2 2 2 2 2 2 2 2 2 2 2 2 2 1 1 1 1 1 1 1 1 1  -0.01972  -0.25007   0.00254   0.00553   0.46000
BM32-4 0 0 0 0 0 2 1 1 1 1 1 1 2 2 2 2 2 1 1 1 1 1 1 1 1 1 1 1 1 1 1 1 1 1 1 1 1 1 1 1 1 1 2 2 2  -0.00736   0.01983   0.00452   0.01031   0.43800
BM32-5 2 2 2 2 2 0 1 1 1 1 1 1 1 1 1 1 1 1 1 1 1 1 2 2 2 2 2 2 2 2 2 2 2 1 1 1 1 1 1 1 1 1 1 2 2  -0.01753  -0.09014   0.00277   0.00594   0.46600
BM33-1 2 2 2 2 2 2 1 1 1 1 1 1 1 1 1 1 2 2 2 2 2 2 1 1 1 1 1 1 1 1 1 1 1 1 1 1 1 1 1 1 1 1 1 1 1  -0.01043  -0.07111   0.00420   0.00930   0.45100
BM33-2 0 0 0 0 2 2 1 1 1 1 1 1 2 2 2 2 2 2 2 2 2 2 9 1 1 1 1 1 1 1 1 1 1 1 1 1 1 1 1 1 1 1 1 1 1  -0.00582   0.00679   0.00491   0.01157   0.42400
BM33-3 2 2 2 2 2 2 2 2 2 2 2 2 2 2 2 2 2 1 2 2 2 2 1 1 1 1 1 1 2 2 2 1 1 1 1 1 1 1 1 1 1 1 1 1 1  -0.01816  -0.09816   0.00290   0.00660   0.44000
BM33-4 0 0 0 0 2 2 2 2 1 1 1 1 1 1 1 1 1 1 1 1 1 1 1 1 1 1 1 1 1 1 1 1 1 1 1 1 1 2 2 2 2 2 2 2 2  -0.00830  -0.09855   0.00448   0.01030   0.43500
BM33-5 2 2 2 2 2 2 1 1 1 1 1 1 2 2 2 2 2 2 2 2 2 2 1 1 1 1 1 1 1 1 1 1 1 1 1 1 1 1 1 1 1 1 1 1 1  -0.01010  -0.04924   0.00411   0.00958   0.42900
BM34-3 0 0 0 0 0 2 1 2 2 2 2 2 2 2 2 2 1 1 1 1 1 1 1 1 1 1 1 2 2 2 2 2 2 2 2 2 2 2 2 1 1 1 1 1 1  -0.01906  -0.15256   0.00277   0.00621   0.44700
BM34-4 2 2 0 0 0 0 2 2 1 1 1 1 1 1 1 1 1 1 1 1 1 1 1 1 1 1 1 1 1 1 1 1 1 1 1 1 1 2 2 2 2 2 2 2 2  -0.01165  -0.04232   0.00400   0.00887   0.45100
BM35-1 2 2 2 2 2 2 1 1 1 1 1 1 1 1 1 1 1 1 1 1 1 1 1 1 2 2 2 2 2 2 2 2 2 1 1 1 1 2 2 2 2 1 1 1 1  -0.01449  -0.15828   0.00348   0.00755   0.46100
BM35-2 0 0 0 0 0 0 1 1 1 1 1 1 1 1 1 1 2 1 1 1 1 1 1 1 1 1 1 1 1 1 1 1 1 1 1 1 2 2 2 2 2 2 2 2 2  -0.00820  -0.04826   0.00449   0.01030   0.43600
BM35-3 2 2 2 2 2 2 2 2 2 2 2 2 2 2 2 2 2 2 1 1 1 1 1 1 1 1 1 1 1 1 1 1 1 1 1 1 1 1 1 1 1 1 1 1 1  -0.01276  -0.09962   0.00374   0.00810   0.46100
BM35-4 9 0 0 0 9 0 1 1 1 1 1 1 1 1 1 1 1 2 2 2 2 2 9 2 1 1 1 1 1 1 1 1 1 1 1 1 1 1 1 1 1 1 1 1 1  -0.00783   0.02943   0.00452   0.01039   0.43500
BM36-1 2 2 2 2 2 2 2 2 2 1 1 1 1 1 1 1 1 1 1 1 1 1 1 1 1 1 9 1 1 1 1 1 1 1 1 1 1 1 1 2 2 2 2 2 2  -0.01661  -0.13740   0.00307   0.00689   0.44600
BM36-2 2 0 2 2 0 0 1 1 1 1 1 1 1 1 1 1 1 1 2 2 2 2 2 2 2 2 2 2 2 2 2 2 2 2 2 2 1 1 1 1 1 1 1 1 1  -0.02112  -0.21461   0.00239   0.00548   0.43600
BM36-3 0 2 2 2 2 2 2 2 2 1 1 1 1 1 1 2 2 1 1 1 1 1 1 1 1 1 1 1 1 1 1 1 1 1 1 1 1 1 1 1 1 1 1 1 2  -0.00995  -0.04097   0.00421   0.00926   0.45500
BM36-4 2 0 0 0 2 2 1 1 1 1 1 1 1 1 1 1 1 1 1 2 2 2 2 2 1 1 1 1 1 1 1 1 1 1 1 1 1 1 1 2 2 2 2 2 2  -0.01254  -0.06084   0.00387   0.00871   0.44500
BM36-5 0 2 0 0 0 0 2 1 1 1 1 1 1 1 1 1 1 1 1 1 1 1 1 1 2 2 2 2 2 2 2 2 2 2 2 2 1 1 1 1 1 1 1 1 1  -0.01428  -0.16059   0.00360   0.00838   0.42900
BM37-1 0 0 0 0 0 2 1 1 1 1 1 1 2 2 2 2 2 2 2 2 2 2 2 2 2 2 2 2 2 2 2 2 2 2 2 2 1 1 1 1 1 1 1 1 1  -0.01690  -0.14945   0.00295   0.00662   0.44600
BM37-2 2 2 2 2 2 2 2 2 2 2 2 2 2 2 2 2 2 1 1 1 1 2 1 1 1 1 1 1 1 1 1 1 1 1 1 1 2 2 2 2 2 2 2 1 1  -0.01723  -0.20471   0.00310   0.00680   0.45600
BM37-3 0 0 0 0 0 0 2 2 2 2 1 1 1 1 1 1 1 1 1 1 1 1 1 1 1 2 2 2 2 2 2 2 2 2 2 2 2 2 2 2 2 2 2 1 1  -0.01825  -0.19660   0.00277   0.00637   0.43500
BM37-4 2 2 2 2 2 2 1 1 1 1 1 1 1 1 1 1 1 1 1 1 1 1 2 2 2 2 1 1 1 1 1 1 1 1 1 1 2 2 2 2 2 2 2 2 2  -0.01543  -0.16780   0.00309   0.00682   0.45300
BM37-5 0 0 0 0 0 0 1 1 1 1 1 1 1 1 1 1 1 1 1 1 1 1 2 2 2 2 2 2 2 2 2 1 1 1 1 2 2 2 2 2 2 2 2 2 1  -0.01321  -0.15741   0.00361   0.00819   0.44100
BM38-1 0 0 0 0 2 2 1 1 1 1 1 1 1 1 1 1 1 1 1 1 1 1 2 2 2 2 2 2 2 2 2 2 2 2 2 2 2 1 1 1 1 1 1 1 1  -0.01510  -0.17543   0.00339   0.00759   0.44700
BM38-2 2 2 2 0 0 0 1 1 1 1 1 2 2 2 2 2 2 2 2 2 2 2 2 1 1 1 1 1 1 1 2 2 2 2 2 2 2 2 2 2 2 2 2 1 1  -0.01712  -0.12771   0.00297   0.00688   0.43200
BM38-3 0 0 0 0 0 0 2 2 2 2 2 2 2 2 2 2 2 2 2 2 2 2 1 1 1 1 1 1 2 2 2 2 2 2 2 2 2 2 2 2 2 2 2 2 2  -0.02122  -0.21122   0.00239   0.00558   0.42800
BM38-4 2 2 2 2 2 2 1 1 1 1 1 1 1 1 1 1 1 2 2 2 2 2 1 1 1 1 1 1 1 1 1 1 1 1 1 1 1 1 1 1 1 1 1 2 2  -0.00792  -0.06538   0.00449   0.00975   0.46100
BM38-5 9 0 0 0 9 2 9 1 1 9 1 9 1 9 1 9 1 1 1 9 1 9 9 1 1 9 1 9 2 9 2 2 9 1 9 9 1 2 9 2 9 2 2 1 9  -0.00883   0.01091   0.00441   0.00967   0.45600
BM39-1 2 2 0 0 0 0 2 2 2 2 2 2 2 2 2 2 2 1 1 1 1 1 1 1 1 1 1 1 1 1 1 1 1 1 1 1 1 1 1 1 1 1 1 1 1  -0.01149  -0.05875   0.00402   0.00896   0.44900
BM39-2 0 0 2 2 2 2 1 1 1 1 1 2 2 2 2 2 2 2 2 2 2 2 2 2 2 2 2 2 2 2 2 2 2 2 2 2 2 2 2 2 2 2 2 2 2  -0.02536  -0.23725   0.00180   0.00414   0.43500
BM39-3 2 2 0 0 0 0 2 2 2 2 2 2 2 2 2 2 2 2 2 2 2 2 1 1 1 1 1 1 1 1 1 2 2 2 2 2 2 2 2 2 2 2 2 2 2  -0.02112  -0.19607   0.00245   0.00573   0.42800
BM39-4 0 0 2 0 0 0 2 2 2 2 2 2 2 2 2 2 2 1 1 1 1 1 2 1 1 1 1 1 1 1 1 1 1 1 1 2 2 2 2 2 2 1 1 1 1  -0.01314  -0.12215   0.00369   0.00839   0.44000
BM39-5 2 2 2 2 0 2 1 1 1 1 1 1 1 1 1 1 1 1 1 1 1 1 1 1 1 1 1 1 1 1 1 1 1 1 1 1 2 2 2 2 2 1 1 1 1  -0.00838  -0.06969   0.00449   0.00960   0.46800
BM40-1 0 0 0 0 0 0 1 1 1 1 1 1 1 1 1 1 1 1 1 1 1 1 2 2 2 2 2 2 2 2 2 2 2 2 1 1 1 1 1 2 2 2 2 2 2  -0.01558  -0.20576   0.00307   0.00711   0.43100
BM40-2 2 2 2 2 2 0 1 1 2 2 2 2 1 1 1 1 1 2 2 2 2 2 2 2 2 2 2 1 1 1 1 1 1 1 1 1 1 1 1 1 1 1 1 1 1  -0.01478  -0.15250   0.00336   0.00745   0.45100
BM40-3 0 0 0 0 0 0 1 2 2 2 2 2 2 2 2 2 2 1 1 1 1 1 1 1 1 1 1 1 1 1 1 1 1 1 1 1 1 1 1 1 2 2 2 2 2  -0.01206  -0.05362   0.00382   0.00893   0.42800
BM40-4 9 2 2 2 9 2 9 9 1 9 1 9 1 9 2 9 2 2 2 9 2 9 9 1 2 9 2 9 2 9 2 2 9 2 9 9 2 2 9 2 9 1 1 1 9  -0.02463  -0.23294   0.00192   0.00467   0.41100
BM40-5 9 0 2 2 9 2 9 1 1 9 1 9 1 9 2 9 2 2 1 9 1 9 9 2 2 9 2 9 2 9 2 1 9 1 9 9 1 1 9 1 9 1 1 1 9  -0.01584  -0.14770   0.00313   0.00706   0.44400
BM35-5 9 2 2 2 9 2 9 1 1 9 1 9 1 9 1 9 1 1 1 9 1 9 9 1 1 9 1 9 1 9 1 2 9 2 9 9 1 1 9 1 9 1 1 1 9  -0.01006  -0.08389   0.00412   0.00910   0.45300


