file 'bs4ZB.out'; 9 or 999.9999 indicates missing data.
label
ewg       w         rp        v         sd        run       gl        pgk     
cg        gpdh      ninaC     glt       prd       mhc       ddc       duc    
eve       sli       plu       egfr      twi       zip       lsp       ve    
acr       dbi       h         cyc       fz        eip       tra       rdg    
ht        ant       ninaE     fas       mst       odh       tub       hb    
rox       ald       mlc       jan       efi                                   
pc1       adjpc1    area      areat     tibia
BS01-1 0 0 0 0 0 0 1 0 0 0 0 0 1 1 1 1 1 1 1 1 1 1 0 1 1 1 1 1 1 1 1 0 0 0 0 0 0 0 0 1 1 1 1 1 1   0.00984   0.10939   0.00787   0.01887   0.41700
BS01-2 2 2 2 2 2 2 1 1 1 1 1 1 1 1 1 0 0 1 1 1 1 1 0 0 0 0 0 0 0 0 0 0 1 1 1 1 1 1 1 0 0 0 0 0 1   0.01268   0.14151   0.00816   0.01860   0.43900
BS01-3 0 0 0 0 0 0 1 1 1 1 1 1 1 1 1 1 1 1 0 0 0 0 0 0 0 1 1 1 1 0 1 1 0 0 0 0 0 0 0 0 1 1 1 1 1   0.01033   0.12961   0.00805   0.01851   0.43500
BS01-4 2 2 2 2 0 0 0 0 0 0 0 0 1 1 1 1 1 1 1 1 1 1 1 1 1 1 1 1 1 1 1 1 1 1 1 1 1 0 0 0 0 0 0 0 0   0.00417   0.13079   0.00639   0.01449   0.44100
BS01-5 0 0 0 0 0 0 0 0 0 0 0 0 0 0 0 0 0 0 0 1 1 1 1 1 1 1 0 0 0 0 0 0 0 0 0 0 0 0 0 1 1 1 1 1 1   0.01848   0.16576   0.00977   0.02388   0.40900
BS02-1 0 2 2 2 2 2 1 1 1 1 1 1 1 1 1 1 1 0 0 0 0 0 1 1 1 0 0 0 0 0 0 0 0 0 0 0 0 0 0 0 0 0 0 0 0   0.01610   0.17826   0.00884   0.02051   0.43100
BS02-2 0 0 0 0 0 0 1 1 1 1 0 0 0 0 0 0 0 0 0 0 0 1 0 1 1 1 1 1 1 1 1 1 1 1 1 1 1 1 1 1 1 1 1 1 1   0.00192   0.09174   0.00607   0.01500   0.40500
BS02-3 9 2 2 2 9 2 9 1 1 9 1 9 1 9 1 9 1 0 0 9 0 9 9 1 1 9 1 9 1 9 1 1 9 1 9 9 0 0 9 1 9 1 1 1 9   0.00014   0.04721   0.00584   0.01280   0.45600
BS02-4 0 0 0 0 0 0 1 1 1 1 1 1 1 0 0 0 0 1 1 1 1 1 0 0 0 0 0 0 0 0 0 0 0 0 0 0 0 0 0 0 0 0 0 0 0   0.02390   0.16086   0.01143   0.02652   0.43100
BS02-5 2 2 2 2 2 2 1 1 1 1 1 1 1 1 1 1 1 1 1 1 1 1 1 1 1 1 1 1 1 0 0 0 1 1 1 1 1 1 1 1 0 0 0 0 0  -0.00040   0.07548   0.00569   0.01324   0.43000
BS03-1 0 0 0 0 0 0 0 0 0 0 0 0 0 0 1 1 0 0 0 0 0 0 0 0 0 0 0 0 0 0 0 0 0 0 0 0 0 0 0 0 0 0 0 0 0   0.02980   0.21610   0.01244   0.02934   0.42400
BS03-2 2 2 0 0 0 0 1 1 1 1 1 1 0 0 0 0 0 0 0 0 0 0 0 0 0 1 1 1 1 1 1 1 1 1 1 1 1 1 1 1 0 0 0 1 1   0.00950   0.10964   0.00774   0.01860   0.41600
BS03-3 9 0 0 0 9 0 9 0 0 9 0 9 0 9 0 9 0 1 1 9 0 9 9 0 0 9 0 9 1 9 1 1 9 1 9 9 1 1 9 1 9 1 1 1 9   0.01128   0.11997   0.00828   0.01994   0.41500
BS03-4 2 2 2 2 0 0 1 0 1 1 1 1 1 1 1 1 1 1 1 1 1 1 0 0 0 0 0 0 0 0 0 0 0 0 0 0 0 1 1 1 1 1 1 1 1   0.00774   0.12281   0.00736   0.01716   0.42900
BS03-5 0 0 0 0 0 0 0 0 0 0 0 0 1 1 1 1 1 0 0 0 0 0 1 1 0 0 0 0 1 1 1 1 1 0 0 0 0 0 0 0 0 0 0 0 0   0.02218   0.19885   0.01036   0.02468   0.42000
BS04-1 0 0 0 0 2 2 0 0 1 1 1 1 1 9 1 1 1 1 1 1 1 1 0 0 0 9 0 9 0 0 0 0 9 0 9 9 0 0 0 0 9 0 0 0 9   0.02183   0.19153   0.01035   0.02434   0.42500
BS04-2 2 2 2 2 2 2 0 0 0 0 0 1 0 0 0 0 0 0 1 1 1 1 1 1 1 1 1 1 0 0 0 0 0 0 0 0 1 1 1 1 1 0 0 0 0   0.01355   0.13538   0.00857   0.01989   0.43100
BS04-3 2 0 0 0 0 0 1 1 1 1 1 1 0 0 0 0 0 1 1 1 1 0 1 1 1 1 1 1 1 1 1 1 1 1 1 1 1 1 1 0 0 0 1 1 1   0.00533   0.09770   0.00702   0.01614   0.43500
BS04-4 2 2 2 0 0 0 0 0 0 0 0 0 1 1 1 1 1 1 1 1 1 1 0 0 1 1 1 1 1 1 1 1 1 1 1 1 1 1 1 1 1 1 1 1 0   0.00609   0.13118   0.00685   0.01588   0.43100
BS04-5 0 0 0 0 0 0 0 0 0 0 0 0 0 0 0 0 0 0 0 0 0 0 1 1 1 1 1 0 0 0 0 0 0 0 0 0 0 0 0 0 0 0 0 1 1   0.02288   0.17791   0.01100   0.02495   0.44100
BS05-1 2 2 2 2 2 2 1 1 1 1 1 1 1 1 1 1 1 1 1 1 1 1 1 1 1 1 0 0 0 0 0 0 0 0 0 0 0 0 0 0 0 0 0 1 1   0.01310   0.13114   0.00853   0.01830   0.46600
BS05-2 0 0 2 2 2 2 0 0 0 0 0 0 0 0 0 0 0 0 1 1 1 1 1 1 1 1 1 1 1 1 1 1 1 1 1 1 1 1 1 1 0 0 0 0 0   0.01117   0.12477   0.00807   0.01900   0.42500
BS05-3 2 2 2 2 2 0 0 0 0 0 0 0 0 1 1 1 1 1 1 1 1 1 0 0 0 0 0 1 1 1 1 1 1 1 1 0 0 0 0 0 0 1 1 1 1   0.01142   0.15130   0.00801   0.01777   0.45100
BS05-5 2 2 2 2 2 2 1 0 0 0 0 0 1 1 1 1 0 0 0 0 0 0 0 1 1 1 1 1 1 1 1 1 1 1 1 1 0 0 0 0 0 0 0 0 0   0.01306   0.15840   0.00821   0.01861   0.44100
BS06-1 2 2 2 0 0 0 1 1 1 1 0 0 0 1 1 1 1 0 0 0 0 0 0 0 0 0 1 1 1 1 1 1 1 1 1 1 1 1 1 0 0 0 0 0 0   0.01132   0.15475   0.00801   0.01817   0.44100
BS06-2 0 0 0 0 0 0 1 1 1 1 1 1 0 0 0 0 0 1 0 0 0 0 1 1 1 1 1 1 0 0 0 0 0 0 0 0 0 0 1 0 0 0 0 1 1   0.01669   0.16791   0.00918   0.02076   0.44200
BS06-3 2 2 2 2 0 0 0 0 0 0 0 0 0 0 0 0 0 0 0 0 0 0 1 1 0 0 0 0 0 1 1 1 1 1 1 1 1 1 1 1 1 1 1 1 1   0.01555   0.15043   0.00905   0.01930   0.46900
BS06-4 0 0 0 0 0 0 1 1 1 1 1 1 0 0 0 0 1 1 1 1 1 1 0 0 0 0 0 0 0 0 0 0 0 0 0 0 0 0 0 0 1 1 1 0 0   0.01948   0.18003   0.01008   0.02241   0.45000
BS06-5 2 2 2 2 0 0 0 0 0 0 0 0 0 0 0 0 0 0 0 0 0 0 1 1 1 0 0 0 0 0 0 0 0 0 0 1 1 1 1 1 0 0 0 1 1   0.01795   0.15622   0.00956   0.02097   0.45600
BS07-1 0 0 0 0 0 0 0 0 1 1 1 1 1 1 1 1 1 0 0 0 0 0 1 1 1 1 0 0 0 0 0 0 0 0 0 0 0 0 0 0 1 1 1 1 1   0.01312   0.13557   0.00861   0.02035   0.42300
BS07-2 2 2 2 2 2 2 1 1 1 1 1 1 1 1 1 0 0 0 0 0 0 0 0 0 0 0 0 1 1 1 1 1 1 1 1 1 1 1 1 1 1 0 0 0 0   0.00710   0.11223   0.00705   0.01560   0.45200
BS07-3 0 0 0 0 0 0 0 0 0 0 0 0 0 0 0 0 0 1 1 1 1 1 1 1 1 1 1 0 0 0 0 0 0 0 0 0 0 0 0 0 1 1 1 1 1   0.01773   0.16047   0.00979   0.02251   0.43500
BS07-4 2 2 2 0 0 0 0 0 0 0 0 0 0 0 0 0 0 0 0 0 0 0 0 0 0 0 0 1 1 1 1 1 1 1 1 1 1 1 1 1 1 0 0 0 0   0.01680   0.16648   0.00916   0.02077   0.44100
BS07-5 0 0 2 2 2 2 0 1 1 1 1 1 1 1 1 1 1 1 1 1 1 1 1 1 1 1 1 1 1 1 1 1 1 1 1 1 1 1 1 1 1 1 1 1 1  -0.00418   0.00796   0.00516   0.01186   0.43500
BS08-1 2 2 2 0 0 0 0 0 0 0 0 0 0 0 0 1 1 1 0 0 0 0 1 1 1 1 1 1 1 1 1 1 1 1 1 1 1 1 1 1 1 1 1 1 1   0.00629   0.08739   0.00726   0.01568   0.46300
BS08-2 0 0 0 0 0 0 0 0 1 1 0 1 1 1 1 1 1 0 0 1 1 1 0 0 0 0 0 0 0 0 0 0 0 0 0 0 0 0 0 0 1 1 1 0 0   0.02002   0.18107   0.01010   0.02315   0.43600
BS08-3 2 2 2 2 2 2 0 0 1 1 1 1 1 1 1 1 1 0 0 0 0 0 0 0 0 0 0 0 0 0 0 0 0 0 0 0 0 0 0 0 0 1 1 1 1   0.01864   0.14818   0.00984   0.02186   0.45000
BS08-4 0 0 0 0 0 0 0 0 0 1 1 1 1 1 0 0 0 0 0 0 0 0 1 1 1 1 1 1 0 0 0 0 0 0 0 1 1 1 1 1 1 1 1 1 1   0.01498   0.12243   0.00897   0.02007   0.44700
BS08-5 2 2 2 2 2 2 1 0 0 0 0 0 1 1 1 1 1 1 1 1 1 1 0 0 0 0 0 0 0 0 0 0 0 0 0 0 0 0 0 0 0 1 1 1 1   0.01555   0.16392   0.00889   0.02026   0.43900
BS09-1 0 0 0 0 0 0 0 0 0 0 0 1 1 1 1 1 1 1 1 1 1 1 0 0 0 0 0 0 1 1 1 1 1 1 1 1 1 1 1 1 0 0 0 0 0   0.01297   0.15817   0.00847   0.01878   0.45100
BS09-2 0 2 2 2 2 2 0 0 0 0 0 0 0 0 0 1 1 0 0 0 0 0 0 0 0 0 0 1 1 1 1 1 1 1 1 1 1 1 1 1 1 1 1 1 1   0.00970   0.13157   0.00758   0.01693   0.44800
BS09-3 0 0 0 0 0 0 0 0 0 0 0 0 0 0 0 0 0 1 1 1 1 1 0 0 0 0 0 0 0 0 0 0 0 0 0 0 0 0 1 1 1 1 1 1 1   0.02004   0.17354   0.01006   0.02328   0.43200
BS09-4 2 2 2 2 2 0 0 0 0 0 0 0 0 0 0 1 1 1 1 1 1 1 0 0 0 0 0 0 0 0 0 0 0 0 0 0 0 0 0 0 1 1 1 1 1   0.01648   0.15288   0.00918   0.02018   0.45500
BS09-5 0 0 2 2 0 0 0 0 0 0 0 0 0 0 0 0 0 1 1 1 1 1 1 0 0 0 0 0 0 0 0 0 0 0 0 0 0 0 0 0 0 0 0 0 0   0.02252   0.18364   0.01069   0.02463   0.43400
BS10-1 0 0 0 2 0 2 0 0 0 0 0 0 0 0 0 0 0 0 0 0 0 0 1 1 1 0 0 0 1 1 1 1 1 1 1 1 1 0 0 0 0 0 0 0 0   0.01945   0.17380   0.00970   0.02189   0.44300
BS10-2 2 2 2 2 2 2 1 0 1 1 1 0 0 1 1 1 1 1 1 1 1 1 0 0 0 0 0 0 0 0 0 0 0 1 1 1 1 1 1 1 1 0 0 1 9   0.00731   0.10597   0.00732   0.01635   0.44800
BS10-3 0 0 0 0 0 0 0 0 0 0 0 0 1 1 1 1 0 0 0 0 0 0 1 1 1 1 1 1 1 1 1 1 1 1 1 1 0 0 0 0 0 0 0 1 1   0.01728   0.17372   0.00943   0.02168   0.43500
BS10-4 2 2 2 2 2 2 0 0 0 1 1 1 1 1 1 1 1 0 1 1 1 1 0 0 0 0 0 0 0 0 0 0 0 0 0 0 0 0 0 0 0 1 1 0 0   0.01899   0.18017   0.00966   0.02277   0.42400
BS10-5 0 0 2 2 2 2 1 1 1 1 1 1 1 1 1 1 1 0 0 0 0 0 1 1 1 1 1 0 0 0 0 0 0 0 0 0 0 0 0 0 1 1 1 1 1   0.01069   0.13021   0.00801   0.01837   0.43600
BS11-2 0 0 0 0 0 2 0 0 0 0 0 1 0 1 0 0 0 1 1 1 0 0 0 0 0 0 0 0 1 1 1 1 1 1 1 1 1 0 0 0 0 0 0 0 0   0.02150   0.17224   0.01054   0.02469   0.42700
BS11-4 0 0 0 0 0 0 0 0 1 1 1 1 1 1 1 1 1 1 0 0 0 0 1 1 1 1 0 0 0 0 0 1 1 1 1 1 1 1 1 1 1 1 1 1 1   0.00957   0.10978   0.00776   0.01813   0.42800
BS11-5 2 2 2 2 2 2 0 0 0 0 0 0 1 1 1 1 1 1 1 1 0 0 1 1 1 1 1 1 1 1 1 0 0 0 0 0 0 0 0 0 0 0 0 0 0   0.01335   0.14490   0.00842   0.01932   0.43600
BS12-1 0 0 0 0 0 0 0 0 0 0 0 0 0 0 0 0 0 0 0 0 0 1 1 1 1 1 1 1 1 1 1 1 1 1 1 0 0 0 0 0 0 0 0 1 1   0.02156   0.17583   0.01020   0.02277   0.44800
BS12-2 2 2 2 2 0 0 1 1 1 1 1 1 1 1 1 1 1 1 1 1 1 1 1 1 1 1 1 1 1 1 1 1 1 1 1 1 0 0 0 0 0 0 0 0 0   0.00540   0.09178   0.00677   0.01510   0.44800
BS12-3 0 0 0 0 0 2 0 0 0 0 0 0 0 1 1 1 1 1 1 1 1 1 0 0 0 0 0 0 0 0 0 0 0 0 1 1 1 1 1 1 1 1 1 1 1   0.01566   0.15189   0.00913   0.02184   0.41800
BS12-4 0 0 0 0 2 2 0 0 0 0 9 1 1 1 1 1 1 1 1 1 1 0 0 0 0 0 0 0 0 0 1 1 1 1 1 1 1 1 1 1 1 1 1 1 1   0.01306   0.14753   0.00852   0.01969   0.43300
BS12-5 0 0 0 0 0 0 1 1 1 1 1 1 1 1 1 1 1 9 1 1 1 1 1 1 1 1 1 1 1 1 1 1 1 1 1 1 1 1 1 1 1 1 1 1 1   0.00091   0.02710   0.00617   0.01374   0.44900
BS13-1 2 2 2 2 2 2 1 1 1 1 1 1 1 1 1 1 1 1 0 0 0 0 0 0 1 1 1 1 1 1 0 0 0 0 1 1 1 1 1 1 1 1 1 1 1  -0.00272   0.02334   0.00539   0.01223   0.44100
BS13-2 0 0 2 2 2 0 0 0 0 0 0 0 0 9 1 1 1 1 1 0 0 0 0 0 0 1 1 1 1 1 1 0 0 0 0 0 1 1 1 1 1 1 1 1 1   0.01077   0.13805   0.00789   0.01776   0.44400
BS13-3 2 2 2 2 2 2 1 1 0 0 0 0 1 1 1 1 1 1 1 1 1 1 1 1 1 1 1 1 1 1 1 1 1 1 1 1 1 1 1 1 1 1 1 1 1  -0.00018   0.06018   0.00577   0.01298   0.44400
BS13-4 0 0 0 0 0 2 0 0 0 0 0 0 0 1 1 1 1 1 1 1 1 1 0 0 0 0 0 1 1 1 1 1 1 1 1 1 0 0 0 0 1 1 1 0 0   0.02090   0.16887   0.01040   0.02327   0.44700
BS13-5 0 2 2 2 9 2 1 1 1 1 1 1 0 0 0 0 0 0 0 0 0 0 0 0 0 0 0 0 0 0 0 0 0 1 1 1 1 1 1 1 1 1 1 1 1   0.00798   0.13111   0.00733   0.01783   0.41100
BS14-1 0 0 0 0 0 0 0 0 0 0 0 0 0 1 1 1 1 1 0 0 0 0 1 1 1 1 1 0 0 0 0 0 0 0 0 0 0 0 0 0 0 0 0 0 0   0.02062   0.20077   0.01002   0.02282   0.43900
BS14-2 2 2 0 0 0 0 1 1 1 0 0 0 0 0 0 0 0 0 0 0 0 0 1 1 1 1 1 1 1 1 0 0 0 0 1 1 1 1 1 1 1 1 1 1 1   0.01131   0.10509   0.00830   0.01925   0.43100
BS14-3 0 0 0 0 0 0 1 1 1 1 1 1 1 1 1 1 1 0 0 0 0 1 0 0 0 0 1 1 1 1 1 1 1 1 1 1 1 1 1 1 1 1 1 1 1   0.00722   0.09036   0.00744   0.01714   0.43400
BS14-5 0 0 0 0 0 0 1 1 1 1 1 1 1 1 1 1 1 1 1 0 0 0 0 0 0 0 0 1 1 1 1 1 1 1 1 1 1 1 1 1 1 1 1 1 1   0.00645   0.08091   0.00722   0.01633   0.44200
BS15-2 2 2 2 2 0 0 0 0 1 1 1 1 1 1 1 1 1 0 0 0 0 0 1 1 1 1 1 1 1 1 1 1 1 1 1 0 0 0 0 0 0 0 1 1 1   0.00308   0.10839   0.00619   0.01369   0.45200
BS15-3 0 0 0 0 0 0 1 1 1 1 1 1 1 1 1 1 0 0 0 0 0 0 0 0 0 0 0 0 0 0 0 0 0 0 0 0 0 0 0 0 0 0 0 0 0   0.02237   0.17619   0.01084   0.02503   0.43300
BS15-4 2 2 2 2 0 2 1 1 1 1 1 1 1 1 1 1 1 1 1 1 1 1 1 1 1 1 1 1 1 1 1 1 1 1 1 1 0 0 0 0 0 0 0 0 0   0.00855   0.10138   0.00760   0.01715   0.44300
BS15-5 0 0 0 0 0 0 1 1 1 1 1 1 1 1 1 1 1 1 1 1 1 1 0 0 1 1 1 1 1 1 1 0 0 0 0 0 0 0 0 0 0 0 0 0 0   0.01372   0.14886   0.00852   0.01949   0.43700
BS16-1 0 0 0 2 2 0 1 1 9 1 1 1 1 1 1 1 0 0 9 1 1 9 0 0 0 1 1 0 1 1 1 1 1 0 0 0 0 1 1 0 1 1 9 1 1   0.01080   0.10441   0.00813   0.01831   0.44400
BS16-2 2 2 2 2 0 0 0 0 0 0 0 0 0 1 1 1 1 0 1 1 0 0 1 1 1 1 1 1 1 1 1 1 1 1 1 1 1 1 1 1 1 1 1 1 1   0.00093   0.06219   0.00601   0.01315   0.45700
BS16-3 0 0 0 0 0 0 1 1 1 1 1 1 1 1 1 1 1 0 0 0 0 0 1 1 1 1 0 0 0 0 0 0 0 1 1 1 1 1 1 1 1 1 1 1 1   0.01034   0.12971   0.00791   0.01826   0.43300
BS16-4 2 2 2 2 0 0 0 0 0 0 0 0 0 0 0 0 1 0 1 1 1 1 1 1 1 1 0 0 0 0 0 0 0 0 0 0 0 0 0 0 0 0 0 0 0   0.02062   0.18458   0.00997   0.02220   0.44900
BS16-5 0 0 0 0 0 0 1 1 1 1 1 1 1 1 1 1 1 0 0 0 0 0 0 0 0 0 0 0 0 0 0 0 0 0 0 0 0 0 0 0 0 0 0 0 0   0.02132   0.19126   0.01036   0.02450   0.42300
BS17-1 2 2 2 0 0 2 0 0 0 0 0 1 1 1 1 1 1 1 1 1 1 1 0 0 0 0 0 0 1 1 1 1 1 1 1 1 1 0 0 0 0 0 0 0 0   0.01854   0.15571   0.00986   0.02177   0.45300
BS17-2 0 0 0 0 0 0 1 1 1 1 1 1 0 0 0 0 0 1 1 1 1 1 0 0 0 0 0 0 0 0 0 0 0 0 0 0 1 1 1 1 1 1 1 1 1   0.01400   0.15065   0.00910   0.02040   0.44600
BS17-3 2 2 2 2 2 2 0 0 1 1 1 1 1 1 1 1 1 1 0 0 0 0 0 0 0 0 0 0 0 0 0 0 0 0 0 1 1 1 1 1 1 1 1 1 1   0.00905   0.12424   0.00757   0.01811   0.41800
BS17-4 0 0 0 0 0 0 1 1 1 1 1 1 1 1 1 1 1 1 1 1 1 1 1 1 1 1 1 1 1 1 1 1 1 1 1 1 1 1 1 1 1 1 0 0 0   0.00160   0.08737   0.00614   0.01342   0.45800
BS17-5 9 2 2 2 9 2 1 1 1 1 1 1 0 0 1 1 1 1 1 1 1 1 9 1 1 1 1 1 1 1 1 0 1 1 1 1 1 1 1 1 1 1 1 1 1  -0.00311   0.00112   0.00547   0.01207   0.45300
BS18-1 2 2 2 0 0 0 1 1 1 1 9 1 1 1 1 1 1 1 1 1 1 1 0 0 0 0 0 9 0 0 0 0 0 1 1 1 1 1 1 1 1 1 1 1 1   0.00474   0.10514   0.00688   0.01592   0.43200
BS18-2 0 0 0 0 0 0 0 0 0 0 0 0 1 1 1 1 1 1 1 1 1 1 1 1 1 1 1 1 1 1 1 1 1 1 1 1 1 1 1 1 0 0 0 0 0   0.01061   0.12852   0.00818   0.01911   0.42800
BS18-3 2 2 0 0 0 0 1 1 1 1 1 1 1 1 1 1 1 1 1 1 1 1 1 1 1 1 1 1 1 1 1 1 1 1 1 1 1 1 1 1 1 1 1 1 1  -0.00293   0.00934   0.00543   0.01251   0.43400
BS18-4 0 0 0 0 0 0 0 0 0 0 0 0 1 1 1 1 1 0 0 0 0 0 1 1 1 1 1 9 1 1 1 0 0 0 0 0 0 1 1 1 1 1 1 1 1   0.01212   0.14371   0.00824   0.01876   0.43900
BS18-5 2 2 2 2 0 0 1 1 1 1 1 1 1 1 1 1 1 0 0 0 0 0 1 1 1 1 1 1 1 1 1 1 1 1 1 1 1 1 1 1 1 1 1 1 1  -0.00075   0.04636   0.00576   0.01271   0.45300
BS19-1 0 0 0 2 2 2 0 0 0 0 0 0 1 1 1 1 1 0 0 0 0 0 1 1 1 1 1 1 1 1 1 1 1 1 1 0 0 0 0 0 0 0 0 0 0   0.01790   0.17839   0.00924   0.02081   0.44400
BS19-2 2 2 2 2 2 2 0 0 0 0 0 0 0 0 0 0 0 1 1 1 1 1 0 0 0 0 0 1 1 1 1 1 1 1 1 1 1 1 1 1 1 1 1 0 0   0.01024   0.12340   0.00776   0.01808   0.42900
BS19-3 0 0 0 0 0 0 1 1 0 0 0 0 0 0 0 0 0 0 0 0 0 0 1 1 0 0 0 0 0 0 0 0 0 0 0 0 0 0 0 0 0 0 0 0 1   0.02369   0.19292   0.01093   0.02738   0.39900
BS19-4 2 2 2 2 2 0 1 1 1 1 1 1 1 1 1 1 1 1 0 0 0 0 1 1 1 1 1 1 1 1 1 1 1 1 1 1 1 1 1 1 1 1 1 1 1  -0.00380  -0.01203   0.00521   0.01142   0.45600
BS19-5 0 0 0 0 0 0 1 1 1 1 1 1 1 0 0 0 0 0 0 0 0 0 0 0 0 0 0 1 1 0 0 0 0 0 0 0 0 0 0 0 0 0 0 0 0   0.01923   0.18670   0.00971   0.02369   0.41000
BS20-1 2 2 0 0 0 0 1 1 1 1 1 1 1 0 0 0 0 1 0 0 0 0 1 1 1 0 0 0 0 0 0 0 0 0 0 0 1 1 1 1 1 0 0 0 0   0.01900   0.15787   0.00991   0.02262   0.43800
BS20-2 0 0 0 0 0 0 0 0 0 0 1 1 1 1 1 1 1 1 0 0 0 0 0 0 0 0 0 1 1 1 1 1 1 1 1 1 1 1 1 1 1 1 1 1 1   0.01114   0.13725   0.00809   0.01806   0.44800
BS20-3 2 2 2 0 0 0 1 1 1 1 1 1 1 1 1 1 1 1 1 1 1 1 1 1 1 1 1 1 1 1 1 1 1 1 1 1 1 1 1 1 1 1 1 1 1  -0.00170  -0.00709   0.00570   0.01241   0.45900
BS20-4 0 0 0 0 0 0 0 0 0 0 0 0 0 1 0 0 0 0 0 0 0 0 0 0 0 0 0 1 1 1 1 1 1 1 1 1 1 1 1 1 1 1 1 1 1   0.01012   0.14083   0.00775   0.01824   0.42500
BS20-5 2 2 2 2 0 0 1 1 1 1 1 1 1 1 1 1 1 1 1 1 1 1 0 0 0 9 0 0 0 0 0 0 0 0 0 0 0 0 0 1 1 1 1 1 1   0.00656   0.14592   0.00696   0.01641   0.42400
BS21-1 2 0 0 0 0 0 0 0 0 0 0 1 1 1 1 1 1 0 0 1 1 1 1 1 1 1 1 1 1 1 1 1 1 1 1 0 0 0 0 0 0 0 0 0 0   0.01707   0.17229   0.00923   0.02046   0.45100
BS21-2 2 2 2 0 0 0 1 1 1 1 1 1 1 1 1 1 1 1 1 1 1 1 1 1 1 1 1 1 1 0 0 0 0 0 0 0 1 1 1 1 0 0 0 0 0   0.01223   0.12858   0.00831   0.01911   0.43500
BS21-3 0 0 0 0 0 0 0 0 0 0 0 0 1 1 1 1 1 0 0 0 0 0 0 0 0 1 1 1 1 1 1 1 1 1 0 0 0 0 0 1 1 1 1 1 1   0.01308   0.14128   0.00861   0.01926   0.44700
BS21-4 2 2 2 2 0 0 0 0 0 0 0 0 0 0 0 0 9 1 1 1 1 1 1 1 1 1 1 0 0 0 0 0 0 0 0 0 0 0 0 0 0 0 0 0 0   0.02174   0.16092   0.01051   0.02388   0.44000
BS21-5 0 0 0 0 0 0 0 0 0 0 0 0 0 1 1 1 1 1 0 0 0 0 1 1 1 1 1 1 1 1 1 1 1 1 1 1 1 1 1 1 0 0 0 0 0   0.01320   0.13246   0.00868   0.01955   0.44400
BS22-1 2 2 0 0 0 0 1 1 1 1 0 0 0 0 0 0 0 1 1 1 1 1 1 1 1 1 1 1 1 1 1 1 1 1 1 0 0 0 0 0 0 0 0 0 0   0.01327   0.12704   0.00851   0.01922   0.44300
BS22-2 0 0 0 0 0 0 0 0 0 0 0 0 0 0 0 0 0 1 1 1 1 1 0 0 0 0 0 0 0 0 0 0 0 0 0 0 0 1 1 1 1 1 1 1 1   0.02036   0.16051   0.01040   0.02465   0.42200
BS22-3 2 2 2 2 2 2 1 1 1 1 1 1 1 1 1 1 9 1 0 0 0 0 0 0 0 0 0 0 0 0 0 0 0 0 0 0 1 1 1 1 1 1 1 1 1   0.01022   0.13119   0.00793   0.01875   0.42300
BS22-4 0 0 0 0 2 0 0 0 1 1 1 1 1 0 0 0 0 1 1 1 1 1 1 0 0 0 0 0 0 0 0 0 0 0 0 0 0 0 0 0 1 1 1 1 1   0.02134   0.15969   0.01071   0.02333   0.45900
BS22-5 0 2 2 2 2 2 1 1 1 1 1 0 0 1 1 1 1 1 1 1 1 1 1 1 1 1 1 1 1 1 1 1 1 1 1 1 1 1 1 0 0 0 0 0 0   0.00338   0.04282   0.00653   0.01330   0.49100
BS23-1 0 0 0 0 0 0 0 0 0 0 0 0 1 1 1 1 1 1 1 1 1 1 0 0 0 0 0 0 0 0 0 0 0 0 0 0 0 0 0 0 0 0 0 0 0   0.02603   0.19274   0.01169   0.02724   0.42900
BS23-2 2 2 0 0 0 0 1 1 1 1 1 1 1 1 1 1 1 1 1 1 1 1 1 1 1 1 1 1 1 1 1 1 1 1 1 0 0 0 0 0 0 0 0 0 0   0.00575   0.09138   0.00693   0.01572   0.44100
BS23-3 0 0 0 0 0 0 0 0 0 0 0 0 1 1 1 1 1 1 0 0 0 0 1 1 1 1 1 1 1 1 1 1 1 1 1 1 1 1 1 1 1 1 1 0 0   0.01060   0.11116   0.00810   0.01849   0.43800
BS23-4 2 2 2 2 0 0 1 1 1 1 1 1 1 1 1 1 0 0 0 0 0 0 0 0 0 1 1 1 1 1 0 0 0 0 0 1 1 1 1 1 1 1 1 1 1   0.00604   0.07329   0.00717   0.01604   0.44700
BS23-5 0 0 0 0 0 0 1 1 1 1 1 1 1 1 1 1 1 1 1 1 1 1 1 1 0 0 0 0 0 1 1 1 1 1 1 1 1 1 1 1 1 0 0 0 0   0.00821   0.10118   0.00780   0.01844   0.42300
BS24-1 0 0 0 0 0 0 1 1 1 1 1 1 1 1 1 1 1 1 1 1 1 1 1 1 1 1 1 1 1 1 1 1 1 1 1 1 1 0 0 0 0 1 1 1 1   0.00590   0.08119   0.00726   0.01605   0.45200
BS24-2 2 2 2 0 0 0 1 1 1 1 1 1 1 1 1 1 1 1 1 1 1 1 0 0 0 0 0 0 0 0 0 0 0 0 0 1 1 1 1 1 1 1 1 1 1   0.00962   0.11234   0.00785   0.01788   0.43900
BS24-3 0 0 0 0 0 0 1 1 1 1 1 1 1 1 1 1 1 1 1 1 1 1 0 0 0 0 0 0 0 0 0 0 0 0 0 0 0 0 0 0 0 0 0 1 1   0.02026   0.17024   0.01026   0.02290   0.44800
BS24-4 2 2 2 0 0 0 1 1 0 0 0 0 0 0 0 0 1 1 1 0 0 0 0 0 0 0 0 0 0 0 0 0 0 0 0 0 0 0 0 0 0 0 0 1 1   0.02409   0.17192   0.01139   0.02607   0.43700
BS24-5 0 0 0 0 2 0 1 1 1 1 1 1 1 1 1 1 1 1 1 1 0 0 0 0 0 0 0 1 1 1 1 1 1 1 0 0 0 0 0 0 1 1 1 1 1   0.01385   0.13805   0.00865   0.01994   0.43400
BS25-1 0 0 0 0 0 0 1 1 1 1 1 1 1 1 1 1 1 0 0 0 0 1 0 0 1 1 1 1 1 1 1 1 1 1 1 1 1 1 1 1 1 1 1 1 1   0.00438   0.08556   0.00682   0.01505   0.45300
BS25-2 2 2 2 2 0 0 1 0 0 0 0 0 1 1 1 1 1 1 1 1 1 1 0 0 0 0 0 0 0 0 0 0 1 1 1 1 1 1 1 1 1 1 1 1 1   0.01116   0.14884   0.00802   0.01743   0.46000
BS27-1 2 2 2 2 0 0 1 1 1 1 1 1 1 0 0 0 0 0 0 0 0 1 1 1 1 1 0 0 0 0 0 0 0 0 0 1 1 1 1 1 1 1 1 1 1   0.00700   0.10736   0.00717   0.01604   0.44700
BS27-2 0 0 0 0 2 2 1 1 1 1 1 1 1 1 1 1 1 1 1 1 1 1 1 1 1 1 1 1 1 1 1 1 1 1 1 1 1 0 0 0 0 0 0 0 1   0.00403   0.05856   0.00664   0.01535   0.43300
BS27-3 2 2 0 0 0 0 1 1 1 1 0 0 0 0 0 0 0 0 0 0 0 0 1 1 1 1 1 0 0 0 0 0 0 0 0 0 0 0 0 0 1 1 1 1 1   0.01324   0.12448   0.00888   0.01876   0.47300
BS27-4 0 0 0 0 0 0 1 1 1 1 1 1 1 0 0 0 0 0 1 1 1 1 0 0 0 0 1 1 1 1 1 1 1 1 1 1 1 1 1 1 1 1 1 1 1   0.00940   0.09919   0.00796   0.01700   0.46800
BS27-5 2 2 2 2 0 0 1 1 1 1 1 1 1 1 1 1 1 0 0 0 0 0 1 1 1 1 1 1 1 1 1 1 1 1 1 1 1 1 1 1 1 1 1 1 1  -0.00353   0.00464   0.00534   0.01146   0.46600
BS28-1 0 0 2 2 0 0 1 1 1 1 1 1 1 1 1 1 1 1 0 0 0 0 0 0 1 1 1 1 1 1 0 0 0 0 0 0 0 0 0 0 0 0 1 1 1   0.01180   0.12936   0.00811   0.01774   0.45700
BS28-2 2 2 2 2 0 0 0 0 0 0 0 0 0 0 0 0 0 1 1 1 1 1 0 0 0 0 0 0 0 1 1 1 1 1 1 1 1 1 1 1 1 1 1 1 1   0.01750   0.14889   0.00946   0.02160   0.43800
BS28-3 9 0 9 0 9 0 9 0 9 9 0 9 0 9 0 9 0 1 9 9 0 9 9 1 9 9 1 9 9 9 0 9 9 0 9 9 0 9 9 0 9 1 9 1 9   0.02058   0.17671   0.01018   0.02425   0.42000
BS28-4 2 2 2 2 2 0 1 1 1 1 1 1 1 1 1 1 1 0 0 0 0 0 1 1 1 1 0 0 0 0 1 1 1 1 1 1 1 1 1 1 1 1 1 1 1   0.00303   0.05514   0.00657   0.01463   0.44900
BS28-5 0 0 0 0 0 0 1 1 1 1 1 1 0 0 0 0 0 0 0 0 0 0 0 0 0 0 0 0 1 1 1 1 1 1 1 1 0 1 1 1 1 1 1 1 1   0.00747   0.12051   0.00728   0.01700   0.42800
BS29-1 0 0 0 0 0 0 0 0 0 0 0 0 0 0 1 1 1 1 1 1 1 1 0 0 0 0 0 0 1 1 1 1 1 1 1 1 1 1 1 1 1 1 1 1 1   0.01158   0.14253   0.00821   0.01866   0.44000
BS29-2 2 2 2 2 0 0 0 0 0 0 0 1 1 1 1 1 1 0 0 1 1 1 9 1 1 1 1 1 1 1 1 1 1 1 1 1 1 1 1 1 1 0 0 0 0   0.00418   0.13229   0.00643   0.01410   0.45600
BS29-3 0 0 0 0 0 0 1 1 1 1 1 1 1 1 1 1 1 1 1 1 1 1 0 0 0 0 0 0 0 0 0 1 1 1 1 1 1 1 1 0 0 0 0 0 0   0.01512   0.15982   0.00911   0.02095   0.43500
BS29-4 2 2 0 0 0 0 1 1 1 1 1 1 1 1 1 1 1 1 1 1 1 1 1 0 0 0 0 0 1 1 1 1 1 1 1 1 1 1 1 1 1 1 1 1 1   0.00394   0.07557   0.00662   0.01544   0.42900
BS29-5 0 0 0 0 0 0 1 1 0 0 0 0 0 0 1 1 1 0 0 0 0 0 0 0 0 0 0 0 0 0 0 0 1 1 1 1 1 0 0 0 0 0 0 0 0   0.02316   0.18744   0.01083   0.02531   0.42800
BS30-1 2 2 2 2 0 0 0 0 1 1 1 1 1 0 0 0 0 0 0 0 0 0 0 0 0 0 0 0 0 0 0 0 0 0 0 0 0 0 0 1 1 1 1 1 1   0.01528   0.15118   0.00903   0.02131   0.42400
BS30-2 0 0 0 0 0 0 1 1 1 1 1 1 1 1 0 0 0 0 0 0 0 1 0 0 1 1 1 1 1 1 1 0 0 0 0 1 1 1 1 1 1 1 1 1 1   0.00630   0.11286   0.00708   0.01651   0.42900
BS30-3 2 2 2 0 0 0 1 1 1 1 1 1 1 1 1 1 1 1 1 1 1 1 1 1 1 1 1 0 0 0 0 0 0 0 0 0 0 0 0 0 0 1 1 1 1   0.00903   0.13668   0.00770   0.01757   0.43800
BS30-5 2 2 2 2 2 0 1 1 1 1 1 0 0 0 0 0 0 0 0 0 0 0 0 0 0 0 0 0 0 0 0 0 0 0 0 0 0 0 0 0 0 0 0 0 0   0.02022   0.17524   0.01005   0.02404   0.41800
BS31-1 0 0 0 0 0 0 1 1 0 0 0 0 0 0 0 0 0 0 0 0 0 0 0 0 0 0 1 1 1 1 1 0 0 0 0 0 0 0 0 0 0 0 0 0 0   0.03019   0.19279   0.01277   0.02735   0.46700
BS31-2 0 0 0 0 0 0 0 0 0 0 0 0 1 1 1 1 1 1 0 0 0 0 1 1 1 1 1 1 1 1 0 0 0 1 1 1 1 1 1 0 0 0 0 1 1   0.01890   0.18957   0.00955   0.01998   0.47800
BS31-3 2 2 2 2 2 2 0 0 0 0 0 1 1 1 1 1 1 1 1 1 1 1 0 0 0 0 0 1 1 1 1 1 1 1 1 1 1 1 1 0 0 0 0 0 0   0.01256   0.16409   0.00813   0.01752   0.46400
BS31-4 0 0 0 0 0 0 0 0 0 0 0 0 0 0 0 0 0 0 1 1 1 1 0 0 0 0 0 0 0 0 0 0 1 1 0 0 0 0 0 1 1 1 1 1 1   0.02479   0.16844   0.01142   0.02465   0.46300
BS31-5 2 2 2 2 2 2 0 0 0 0 0 0 1 1 9 1 1 1 0 0 0 0 0 0 0 0 0 0 1 0 0 0 0 1 1 1 1 1 1 1 1 1 1 1 1   0.01412   0.12595   0.00890   0.01947   0.45700
BS32-1 0 0 0 0 0 0 1 1 1 1 1 1 1 1 1 1 1 1 1 0 0 0 0 0 0 0 1 1 1 1 1 1 1 1 0 0 0 0 0 1 1 1 1 0 0   0.01533   0.13670   0.00922   0.02087   0.44200
BS32-2 2 2 2 2 2 0 0 0 0 0 0 1 1 1 1 1 1 1 9 1 1 1 1 1 0 0 0 0 0 0 0 0 0 0 0 0 0 0 0 0 0 0 0 0 0   0.02055   0.19469   0.00988   0.02231   0.44300
BS32-4 2 2 2 2 2 2 0 0 0 0 0 0 0 0 0 0 0 0 0 0 0 0 1 1 1 1 1 1 1 1 1 0 0 0 0 0 0 0 0 0 0 0 0 1 1   0.01330   0.12891   0.00872   0.02085   0.41800
BS33-1 2 2 2 2 0 0 1 1 1 1 1 1 1 1 1 1 1 1 1 1 1 0 0 0 0 0 0 0 0 0 0 1 1 1 1 0 0 0 0 0 1 1 1 1 1   0.00651   0.12985   0.00694   0.01566   0.44300
BS33-2 0 0 0 0 0 0 0 0 0 0 0 0 0 0 0 0 1 1 1 1 1 1 0 0 0 0 1 1 1 1 1 1 1 1 1 1 1 1 1 1 1 1 1 1 1   0.01352   0.12784   0.00869   0.01894   0.45900
BS33-3 2 2 2 2 2 2 0 0 0 0 0 0 1 1 1 1 1 0 1 1 1 1 1 1 1 1 1 1 1 1 1 1 1 1 1 1 1 1 1 1 1 1 1 1 1   0.00132   0.05645   0.00617   0.01319   0.46800
BS33-4 0 0 0 0 0 2 0 0 0 0 0 0 1 1 1 1 1 1 0 0 0 0 0 0 0 0 0 0 0 0 0 0 0 0 0 0 0 0 0 0 0 0 0 0 0   0.02437   0.19353   0.01111   0.02560   0.43400
BS33-5 2 2 2 2 0 0 1 1 1 0 0 0 0 0 0 0 0 0 0 0 0 0 0 0 0 0 0 0 0 0 0 0 0 0 0 0 0 0 0 0 1 1 1 1 1   0.01924   0.14454   0.01023   0.02304   0.44400
BS34-1 0 0 0 0 0 0 1 1 1 1 1 1 1 1 0 0 0 0 9 1 1 1 1 1 1 1 1 1 1 1 1 1 1 1 1 1 0 0 0 0 0 1 1 1 1   0.00421   0.10275   0.00656   0.01498   0.43800
BS34-2 2 2 2 2 0 0 0 0 0 0 0 0 1 1 1 1 1 1 1 1 1 1 1 1 1 1 1 1 1 1 1 1 1 1 1 1 1 1 1 1 1 1 1 1 1  -0.00324   0.02217   0.00521   0.01145   0.45500
BS34-3 0 0 0 0 0 0 1 1 1 1 1 1 1 1 1 1 1 1 0 0 0 0 1 1 1 1 1 1 1 1 1 1 1 1 1 1 1 1 1 1 1 1 1 1 1   0.00159   0.05327   0.00623   0.01378   0.45200
BS34-4 2 2 2 2 2 2 1 1 1 1 1 1 1 1 1 1 1 1 1 1 1 1 1 1 1 1 1 1 1 1 1 1 1 1 1 0 0 0 0 0 0 0 0 0 0   0.00299   0.08649   0.00623   0.01466   0.42500
BS34-5 0 0 0 0 0 0 0 1 1 1 1 1 1 1 1 0 0 1 9 1 1 1 0 0 0 0 0 0 0 0 0 0 0 0 0 0 0 0 0 0 0 0 0 0 0   0.02035   0.19171   0.00998   0.02327   0.42900
BS35-1 2 0 0 0 2 2 1 1 1 1 0 0 0 0 0 0 0 0 0 0 0 0 1 1 0 0 0 0 0 0 0 1 1 1 1 1 1 1 1 1 1 0 0 0 0   0.01945   0.14076   0.01010   0.02415   0.41800
BS35-2 2 2 2 2 0 0 0 0 0 0 1 1 1 1 1 1 1 1 0 0 0 0 1 1 0 0 0 0 0 0 0 0 0 0 0 0 0 1 1 1 1 1 1 1 1   0.01225   0.14119   0.00834   0.01878   0.44400
BS35-3 0 0 0 0 0 0 1 1 1 1 1 1 1 1 1 1 1 1 1 1 1 1 0 0 0 0 0 0 0 0 0 0 0 0 0 0 1 1 1 1 1 1 0 0 0   0.01531   0.14739   0.00900   0.02069   0.43500
BS35-4 2 2 2 0 0 0 1 1 1 1 1 1 1 1 1 1 1 1 0 0 0 0 0 0 0 0 0 0 0 0 0 0 0 0 0 0 0 0 0 0 0 0 0 1 1   0.01405   0.15077   0.00885   0.02077   0.42600
BS35-5 0 0 2 2 0 0 0 0 0 0 0 0 1 1 1 1 1 1 1 1 1 0 1 0 0 0 0 0 0 0 1 1 1 1 1 1 1 1 1 1 1 0 0 0 0   0.01875   0.16083   0.00993   0.02217   0.44800
BS36-1 2 2 2 2 2 2 0 0 0 0 0 0 0 1 1 1 1 1 1 1 1 1 0 0 0 0 0 1 1 1 1 1 1 1 1 1 1 1 1 0 0 0 0 0 0   0.01430   0.14280   0.00869   0.01940   0.44800
BS36-2 0 0 0 0 0 0 1 1 1 1 1 0 0 0 0 0 0 0 0 0 0 0 1 0 0 0 0 0 0 0 1 1 1 1 1 1 1 1 1 1 1 1 1 0 0   0.01558   0.15588   0.00882   0.02115   0.41700
BS36-3 2 2 0 0 2 2 0 0 0 0 0 0 0 1 1 1 1 1 0 0 0 0 1 1 1 1 0 1 1 1 1 1 1 1 1 1 1 1 0 0 0 0 0 0 0   0.01227   0.16192   0.00817   0.01788   0.45700
BS36-4 0 0 0 0 0 0 1 1 1 1 1 1 1 1 1 1 1 1 0 0 0 0 1 1 1 1 1 1 1 1 1 1 1 1 1 1 1 1 1 1 1 1 1 0 0   0.00761   0.07824   0.00751   0.01683   0.44600
BS36-5 2 2 2 2 0 0 1 1 1 1 1 1 1 1 1 1 1 0 0 1 1 1 1 1 0 0 0 0 0 0 0 0 0 0 0 1 1 1 1 1 1 0 0 0 0   0.01172   0.14570   0.00814   0.01880   0.43300
BS37-1 0 0 0 0 0 0 0 0 0 0 0 0 0 1 1 1 1 1 0 0 0 0 0 0 0 0 0 1 1 1 1 1 1 1 1 1 1 1 1 1 1 1 1 1 1   0.01749   0.15480   0.00951   0.02099   0.45300
BS37-2 2 2 2 2 0 0 1 1 1 1 1 1 1 1 1 1 1 1 1 1 1 1 1 1 1 1 1 0 0 0 0 0 0 0 0 1 1 1 1 1 1 1 1 1 1   0.00666   0.10644   0.00718   0.01617   0.44400
BS37-3 0 0 0 0 0 0 0 0 0 0 1 1 1 1 1 1 1 0 1 1 1 1 0 0 0 0 0 0 0 0 0 0 0 0 1 1 1 1 1 1 1 0 0 0 0   0.01862   0.17828   0.00973   0.02182   0.44600
BS37-4 2 2 2 0 0 0 1 1 1 1 1 1 1 1 1 0 0 0 0 0 0 0 1 1 1 1 1 1 1 1 1 1 1 1 1 1 1 1 1 1 1 0 0 0 0   0.00725   0.10616   0.00710   0.01582   0.44900
BS37-5 0 0 0 0 0 0 0 0 0 0 0 0 1 1 1 1 1 0 0 0 0 0 0 0 1 1 1 0 0 0 0 0 0 0 1 1 1 1 0 0 0 0 0 0 0   0.02467   0.16945   0.01141   0.02553   0.44700
BS38-1 2 2 2 0 0 0 0 0 1 1 1 1 1 1 1 1 1 1 1 1 1 1 1 1 1 1 1 0 0 0 0 1 1 1 1 1 1 1 1 1 1 1 1 1 1   0.00123   0.07110   0.00611   0.01425   0.42900
BS38-2 0 0 2 2 0 0 0 0 0 0 0 0 1 1 1 1 1 1 0 0 0 0 1 1 0 0 0 0 0 0 0 0 0 1 1 1 1 1 1 1 1 1 1 1 1   0.00903   0.14845   0.00765   0.01723   0.44400
BS38-3 2 2 0 0 0 0 1 1 1 1 1 1 1 1 1 1 1 1 0 0 0 0 0 0 0 0 0 0 0 0 0 0 0 1 1 1 1 1 1 1 0 0 0 0 0   0.01293   0.15226   0.00842   0.02011   0.41900
BS38-4 0 0 0 0 0 0 1 1 1 1 1 1 1 1 1 1 1 1 1 1 1 1 1 1 1 1 1 1 1 1 1 1 1 1 1 1 1 1 1 1 1 1 1 1 1   0.00048   0.02758   0.00604   0.01367   0.44200
BS38-5 0 2 0 0 0 0 1 1 1 1 1 1 0 1 1 1 1 1 1 1 1 1 1 1 1 1 1 1 1 1 1 1 1 1 1 1 0 0 0 0 0 0 0 0 0  -0.00028   0.06769   0.00571   0.01307   0.43700
BS39-1 2 0 2 0 0 0 1 1 1 1 1 1 0 1 1 1 1 1 1 1 1 1 0 0 1 1 1 0 1 1 1 1 1 1 1 1 1 1 1 1 0 0 0 0 0   0.01226   0.11152   0.00852   0.01856   0.45900
BS39-2 2 2 2 2 2 0 1 1 1 1 1 1 0 0 0 0 0 0 1 1 1 1 1 1 1 1 1 0 0 0 0 0 1 0 1 1 0 0 0 0 0 0 0 0 0   0.01519   0.14506   0.00870   0.01913   0.45500
BS39-3 0 0 0 0 2 2 0 0 0 0 0 0 0 1 1 1 1 0 1 1 1 1 1 1 1 1 1 1 1 1 1 0 0 0 0 1 1 1 1 1 0 0 0 1 1   0.01485   0.13117   0.00908   0.02026   0.44800
BS39-4 2 2 2 2 2 2 1 1 1 1 1 1 1 9 1 1 1 1 1 1 1 1 1 1 1 1 1 1 1 1 1 1 1 1 1 1 1 1 1 1 1 1 1 1 1  -0.00446  -0.02282   0.00521   0.01160   0.44900
BS39-5 0 0 0 0 0 0 0 0 0 0 0 0 1 1 1 1 1 1 1 1 1 1 0 0 0 0 0 0 1 1 1 1 1 1 1 1 0 0 0 0 0 1 1 1 1   0.01679   0.16131   0.00943   0.02128   0.44300
BS40-1 2 2 2 0 0 0 1 1 1 1 1 1 0 0 0 0 0 0 0 0 0 0 1 1 1 1 1 1 1 1 1 1 1 1 1 1 0 0 0 0 0 0 1 1 1   0.01155   0.12275   0.00810   0.01808   0.44800
BS40-2 0 0 2 0 0 0 1 1 0 0 0 0 0 1 1 1 1 1 1 1 1 1 1 1 1 0 0 0 0 0 0 0 0 0 0 0 0 0 1 1 1 0 0 0 0   0.01985   0.17438   0.01004   0.02266   0.44300
BS40-3 2 2 2 2 0 0 1 1 1 1 1 1 1 0 1 0 0 0 0 0 0 0 1 1 1 1 1 1 1 1 1 1 1 1 1 0 0 0 0 0 0 0 0 0 0   0.01005   0.13996   0.00755   0.01646   0.45900
BS40-4 0 0 0 0 0 2 1 0 0 0 0 0 0 0 0 0 0 0 0 0 0 0 0 0 0 0 0 1 1 1 1 1 1 1 1 1 1 1 1 1 1 1 1 1 1   0.01461   0.12482   0.00886   0.02105   0.42100
BS40-5 2 2 2 2 2 2 1 1 1 1 1 1 1 1 1 1 1 1 1 1 1 1 1 1 1 0 0 0 0 0 0 0 0 0 1 1 0 0 0 0 0 0 0 0 0   0.01546   0.15775   0.00877   0.01998   0.43900

