BS00-1 2 2 2 2 0 0 9 1 1 1 1 1 9 0 0 0 9 0 9 1 1 0 0 0 1 1 1 1 1 1 1 1 1 1 1 1 1 1 1 1 1 1 1 1 1   0.00116   0.04682   0.00610   0.01321   0.46154
BS00-2 2 2 2 2 2 9 9 0 0 0 1 9 9 1 1 1 9 1 9 0 0 0 9 1 1 1 1 1 1 1 1 1 1 1 1 1 1 0 0 0 0 0 0 0 0   0.00868   0.12723   0.00730   0.01607   0.45433
BS00-3 2 2 2 2 2 9 0 0 0 0 0 0 9 1 1 1 9 1 9 1 1 1 1 1 0 0 0 0 0 0 0 0 0 9 0 0 0 0 0 0 0 0 9 0 0   0.02196   0.18889   0.01028   0.02324   0.44231
BS00-4 0 0 9 0 0 0 0 0 0 0 0 0 9 9 0 0 9 1 9 1 1 1 0 1 1 1 1 0 0 0 0 0 1 9 1 9 1 0 0 0 0 1 1 9 1   0.02303   0.16010   0.01105   0.02458   0.44952
BS00-5 0 0 0 0 0 0 9 1 1 1 1 1 9 9 1 1 9 0 9 0 0 0 9 1 1 9 1 1 0 0 9 0 0 1 1 1 1 1 1 1 1 1 1 1 1   0.00690   0.12569   0.00710   0.01632   0.43510
BS41-1 0 2 2 2 2 0 1 1 1 1 1 1 9 0 0 0 9 1 9 1 1 1 0 1 1 1 1 1 1 1 1 1 1 1 0 0 0 0 1 1 1 1 1 1 1   0.00410   0.04820   0.00670   0.01436   0.46635
BS41-2 2 2 2 2 0 0 1 1 1 1 1 1 9 0 0 0 9 0 9 0 0 0 1 1 1 1 1 1 1 1 0 0 0 0 0 0 0 0 0 1 1 1 1 0 0   0.01175   0.13665   0.00813   0.01727   0.47115
BS41-3 9 2 2 0 0 0 1 1 1 1 1 1 9 1 1 1 9 1 9 1 0 0 1 1 0 0 0 0 0 0 0 0 0 0 0 0 0 0 0 0 0 0 0 0 0   0.01773   0.16345   0.00955   0.02101   0.45433
BS41-4 0 0 0 0 0 0 0 0 0 0 0 0 9 1 1 0 9 1 9 1 1 1 0 0 0 0 1 1 1 1 1 1 1 1 0 0 0 0 0 0 0 1 1 1 1   0.01936   0.15638   0.01013   0.02219   0.45673
BS41-5 0 0 2 2 2 2 0 0 0 0 0 0 9 0 0 0 9 0 9 1 1 1 1 1 1 1 1 1 1 1 1 1 0 1 0 0 1 0 0 0 0 1 1 1 1   0.02027   0.16294   0.01013   0.02329   0.43510
BS42-1 9 2 2 2 9 9 9 0 9 9 0 9 9 0 1 9 9 1 9 9 0 9 0 1 9 9 9 9 1 9 1 0 9 0 9 0 0 9 9 0 0 0 1 1 9   0.02347   0.19974   0.01073   0.02313   0.46394
BS42-2 2 2 0 0 0 0 0 0 0 1 1 0 9 0 0 0 9 1 9 1 1 1 0 0 0 0 0 1 1 1 0 0 1 0 1 1 1 1 0 0 1 1 1 1 1   0.00850   0.13284   0.00766   0.01686   0.45433
BS42-3 0 0 0 0 0 0 1 1 1 1 1 1 9 1 1 1 9 0 9 1 1 1 1 1 1 0 0 0 0 0 0 0 0 0 1 1 1 1 1 1 1 1 1 1 1   0.01093   0.12632   0.00814   0.01781   0.45673
BS42-4 0 0 0 0 0 0 1 1 1 1 1 1 9 1 1 1 9 1 9 1 1 1 0 1 1 1 1 1 0 0 0 0 0 0 0 0 0 0 0 0 0 0 0 1 1   0.01888   0.15131   0.01006   0.02125   0.47356
BS42-5 0 0 0 0 0 0 1 1 1 1 1 1 9 0 1 1 9 0 9 0 0 0 1 1 1 1 1 1 1 1 1 0 0 0 0 0 0 1 1 1 1 1 1 1 1   0.01358   0.11777   0.00888   0.01944   0.45673
BS43-1 2 2 2 2 2 0 0 0 1 1 1 1 9 1 1 1 9 1 9 1 1 1 1 1 1 1 1 1 1 1 0 0 0 0 0 0 0 0 0 0 0 0 0 0 0   0.01451   0.12660   0.00882   0.01952   0.45192
BS43-2 2 2 2 0 0 0 0 0 0 0 0 0 9 0 0 0 9 0 9 9 0 0 1 1 1 1 1 0 0 0 0 0 1 1 1 1 1 1 1 1 0 0 0 0 0   0.01778   0.20280   0.00906   0.02015   0.44952
BS43-3 0 0 0 0 0 0 0 0 1 1 1 1 9 1 1 1 9 0 9 0 0 0 0 0 0 0 0 1 1 1 1 1 1 1 1 1 1 1 1 1 1 1 1 1 1   0.00556   0.13656   0.00677   0.01482   0.45673
BS43-4 0 0 0 2 2 2 1 1 1 1 1 1 9 1 1 0 9 0 9 1 1 1 1 1 1 1 1 1 1 1 1 1 1 1 1 0 0 0 0 1 1 1 1 1 1   0.00386   0.09347   0.00644   0.01539   0.41827
BS43-5 0 0 0 0 0 0 0 0 0 0 0 0 9 0 0 1 9 1 9 1 1 1 0 0 0 0 0 1 1 1 1 1 1 1 1 1 1 1 1 1 1 1 1 1 1   0.01292   0.14107   0.00843   0.01875   0.44952
BS44-1 2 2 2 2 2 0 0 0 0 0 0 0 9 0 0 0 9 0 9 0 0 0 1 1 1 1 1 1 1 1 1 0 0 0 1 1 1 1 1 1 1 1 1 1 1   0.00907   0.10161   0.00765   0.01641   0.46635
BS44-2 2 2 2 2 2 0 0 0 0 0 0 0 9 1 1 1 9 0 9 0 0 0 0 0 0 0 0 9 1 1 9 1 1 1 1 0 0 0 0 0 0 0 0 0 0   0.02003   0.22398   0.00949   0.02057   0.46154
BS44-3 2 2 2 0 0 0 1 1 1 1 1 1 9 1 1 0 9 0 9 0 0 0 0 0 0 0 0 1 1 1 1 1 1 1 1 1 1 1 0 0 0 0 0 0 0   0.01172   0.14972   0.00809   0.01810   0.44712
BS44-4 0 0 0 0 0 0 0 0 0 0 0 0 9 0 0 0 9 0 9 0 0 0 0 0 0 0 1 1 1 1 1 1 1 1 1 1 1 1 1 1 1 1 0 0 0   0.02037   0.16773   0.01017   0.02227   0.45673
BS44-5 9 0 0 0 0 2 1 1 1 1 1 1 9 1 1 0 9 1 9 1 1 1 0 0 0 0 0 0 0 0 0 0 0 1 1 1 1 1 0 0 0 1 1 1 1   0.01306   0.15324   0.00854   0.01984   0.43029
BS45-1 2 2 2 2 2 0 0 0 0 0 0 0 9 1 1 1 9 1 9 1 1 0 0 0 0 0 0 0 0 0 0 0 0 0 0 0 0 0 0 0 0 0 0 0 0   0.02487   0.20986   0.01090   0.02374   0.45913
BS45-2 2 2 2 2 2 2 1 0 0 0 0 0 9 0 0 0 9 1 9 1 1 1 0 0 0 0 0 0 1 1 1 1 1 1 1 1 1 1 1 1 1 1 1 1 1   0.00886   0.11605   0.00757   0.01731   0.43750
BS45-3 0 0 0 0 0 0 0 0 0 0 0 0 9 0 0 0 9 0 9 0 0 0 0 1 1 1 1 1 1 1 1 1 1 1 1 1 1 1 1 1 1 0 0 0 0   0.01680   0.15053   0.00937   0.02009   0.46635
BS45-4 0 0 0 0 0 0 1 1 1 1 1 1 9 1 1 1 9 0 9 0 0 0 1 1 1 1 0 0 0 0 0 0 0 0 1 1 1 1 1 1 1 1 1 1 1   0.01087   0.12931   0.00809   0.01809   0.44712
BS45-5 0 0 0 0 0 0 1 1 1 1 1 1 9 1 1 1 9 0 9 1 1 1 0 0 0 0 0 0 0 0 0 1 1 1 1 1 0 0 0 0 0 0 0 0 0   0.01885   0.16556   0.00990   0.02202   0.44952
BS46-1 2 2 0 0 0 0 1 1 1 1 1 1 9 1 1 1 9 1 9 1 1 0 1 1 1 1 1 1 1 0 0 0 0 1 1 1 1 1 1 1 1 1 1 1 0   0.00565   0.04988   0.00729   0.01579   0.46154
BS46-2 2 2 0 0 0 0 1 1 1 1 1 1 9 1 1 9 9 0 9 0 0 0 1 1 0 0 0 0 0 0 0 0 0 0 0 1 1 1 1 1 1 1 1 0 0   0.01469   0.16727   0.00869   0.01913   0.45433
BS46-3 2 2 2 2 2 0 1 1 1 1 1 0 9 0 0 0 9 0 9 0 0 0 0 0 0 0 0 9 0 0 0 0 0 0 1 1 1 1 1 1 0 0 0 0 0   0.01389   0.15762   0.00840   0.01819   0.46154
BS46-4 0 0 0 0 0 0 0 0 0 0 0 0 9 0 0 0 9 1 9 1 1 1 0 0 0 1 1 1 1 1 1 1 1 1 1 1 1 0 0 0 0 0 1 1 1   0.01631   0.15605   0.00931   0.02083   0.44712
BS46-5 0 0 0 0 0 9 1 1 1 1 1 1 9 0 0 0 9 1 9 1 1 1 1 1 1 1 1 1 1 1 1 1 1 1 1 1 1 1 1 1 0 0 0 0 0   0.00928   0.11404   0.00762   0.01633   0.46635
BS47-1 2 2 2 2 2 9 1 1 1 1 1 1 9 1 1 1 9 1 9 1 1 1 0 0 0 0 0 0 0 0 0 1 1 1 1 1 1 1 1 1 1 1 1 1 1   0.00692   0.13101   0.00709   0.01569   0.45192
BS47-2 2 2 2 2 0 0 0 0 0 0 0 0 9 1 1 1 9 1 9 0 0 0 0 0 0 0 0 0 0 0 0 0 0 0 0 0 0 0 0 0 0 0 0 0 0   0.02219   0.18141   0.01071   0.02285   0.46875
BS47-3 0 0 0 0 0 0 1 1 1 1 1 1 9 1 1 1 9 1 9 0 0 0 1 1 0 0 0 0 0 0 0 0 0 0 0 0 0 0 0 0 0 0 0 0 0   0.02146   0.20506   0.01013   0.02161   0.46875
BS47-4 0 0 0 0 0 0 0 0 0 0 1 1 9 1 1 0 9 1 9 1 1 1 1 1 1 1 1 0 0 0 0 0 0 0 0 0 0 0 0 0 0 0 0 0 0   0.02300   0.19137   0.01073   0.02312   0.46394
BS47-5 0 0 0 0 0 0 1 1 1 1 1 1 9 1 1 1 9 1 9 1 1 1 0 0 0 1 1 1 1 1 1 1 1 1 1 1 1 1 1 1 1 1 1 1 1   0.00308   0.04224   0.00677   0.01468   0.46154
BS48-1 0 2 2 2 0 0 0 0 1 1 0 1 9 1 1 1 9 1 9 1 1 1 1 1 0 0 0 0 0 0 0 0 0 0 0 0 0 1 1 1 1 1 1 1 1   0.01152   0.12727   0.00841   0.01902   0.44231
BS48-2 2 2 2 2 0 0 0 0 0 0 0 0 9 1 1 1 9 1 9 0 0 0 1 1 1 1 1 0 0 0 0 1 1 1 1 1 1 1 1 1 1 1 1 0 0   0.01042   0.12317   0.00802   0.01737   0.46154
BS48-3 2 2 0 0 0 0 1 1 1 1 1 1 9 1 1 1 9 0 9 0 0 1 1 1 0 0 0 0 0 0 0 0 0 0 0 0 0 0 0 0 0 0 0 0 0   0.01809   0.18007   0.00956   0.02149   0.44471
BS48-4 0 0 0 0 0 0 0 9 1 1 1 1 9 1 1 1 9 0 9 0 0 0 0 1 1 1 1 1 1 1 1 1 1 1 1 1 1 1 1 1 1 0 0 0 0   0.00869   0.09762   0.00762   0.01705   0.44712
BS48-5 0 0 0 0 0 0 1 1 1 1 0 0 9 0 1 1 9 1 9 0 0 0 1 1 1 1 1 1 1 1 1 1 1 1 1 0 0 1 1 1 1 1 1 1 1   0.00397   0.11011   0.00652   0.01466   0.44471
BS49-1 2 2 2 2 0 0 1 1 1 1 1 1 9 1 1 1 9 1 9 1 1 1 1 1 1 0 0 0 0 0 0 0 0 0 0 0 0 0 0 0 1 1 1 1 1   0.01218   0.15912   0.00824   0.01795   0.45913
BS49-2 2 2 2 2 2 2 1 1 1 1 1 1 9 1 1 0 9 1 9 1 1 1 1 1 1 1 1 1 1 1 1 1 1 1 1 1 1 1 1 1 0 0 0 0 0   0.00336   0.05616   0.00651   0.01388   0.46875
BS49-3 0 0 0 0 0 9 0 0 0 0 0 0 9 1 1 1 9 1 9 1 1 1 1 1 1 1 1 1 1 1 1 1 1 1 1 1 1 1 1 1 1 1 1 1 1   0.00781   0.10125   0.00748   0.01655   0.45192
BS49-4 0 0 0 0 0 0 1 1 1 1 1 1 9 1 1 1 9 0 9 0 0 0 0 0 0 0 0 0 0 0 0 0 0 0 0 0 1 1 1 1 1 1 1 1 1   0.01822   0.16156   0.00979   0.02088   0.46875
BS49-5 0 0 0 0 0 0 1 1 1 1 1 1 9 0 0 0 9 1 9 1 1 1 1 1 1 1 1 0 0 0 0 0 0 0 0 0 0 9 0 0 1 1 1 1 1   0.01954   0.13603   0.01028   0.02250   0.45673
BS50-1 2 2 2 2 2 0 0 1 1 1 1 1 9 1 1 1 9 1 9 1 1 1 1 1 1 1 1 1 1 1 1 1 1 1 1 0 0 0 0 0 0 0 0 0 0   0.00972   0.10143   0.00762   0.01668   0.45673
BS50-2 2 2 0 0 2 2 0 0 0 0 0 0 9 0 0 0 9 1 9 1 1 1 0 0 0 0 0 0 0 1 1 1 1 1 1 1 1 1 1 1 1 1 1 1 1   0.01453   0.17621   0.00850   0.01891   0.44952
BS50-3 2 2 2 2 0 0 1 1 1 1 1 1 9 1 1 1 9 1 9 1 1 1 1 1 0 0 0 0 0 0 0 1 1 1 1 1 1 1 1 1 1 1 1 0 0   0.00445   0.13603   0.00647   0.01456   0.44471
BS50-4 0 0 0 0 0 0 1 1 1 1 1 1 9 1 1 1 9 1 9 1 1 1 1 1 1 1 1 1 1 1 1 1 1 1 1 1 1 1 1 1 1 0 0 0 0   0.00510   0.09023   0.00686   0.01487   0.46154
BS50-5 0 0 0 0 0 2 0 0 1 1 1 1 9 1 1 1 9 1 9 1 1 1 0 0 0 0 0 0 0 0 0 0 0 0 0 0 0 0 0 0 0 0 0 0 1   0.02454   0.19923   0.01091   0.02402   0.45433
BS51-1 2 2 2 2 2 2 1 1 0 0 0 0 9 0 0 0 9 0 9 0 1 1 0 0 0 0 0 1 1 1 1 1 1 1 1 0 0 0 0 0 0 0 0 1 1   0.01705   0.13773   0.00944   0.02077   0.45433
BS51-2 2 2 2 2 2 9 1 1 1 1 0 0 9 0 0 0 9 1 9 1 1 1 0 0 0 0 1 1 1 1 1 0 0 0 0 0 0 0 0 0 0 0 0 0 0   0.01823   0.14805   0.00957   0.02141   0.44712
BS51-3 0 0 0 0 0 0 1 1 1 1 1 1 9 1 1 1 9 1 9 1 1 1 0 0 0 0 0 0 1 1 1 1 1 1 1 1 0 0 0 0 0 0 0 0 0   0.01361   0.17532   0.00843   0.01875   0.44952
BS51-4 0 0 0 0 0 0 0 0 0 0 0 0 9 1 1 1 9 0 9 0 1 1 0 0 0 0 0 0 0 0 0 0 0 0 0 0 1 1 1 0 0 1 1 1 1   0.02410   0.19784   0.01111   0.02526   0.43990
BS51-5 0 0 0 0 2 2 0 0 0 0 0 0 9 0 0 0 9 0 9 0 0 0 1 1 1 1 1 1 1 1 1 1 1 1 1 1 1 1 1 1 1 1 1 1 1   0.01132   0.16060   0.00789   0.01746   0.45192
BS52-1 2 2 2 2 2 2 0 1 1 1 1 1 9 1 1 1 9 0 9 0 0 0 1 1 1 1 1 0 0 0 0 0 0 0 0 0 0 0 0 1 1 1 1 1 1   0.01202   0.12463   0.00822   0.01828   0.44952
BS52-2 2 2 2 2 0 0 0 0 0 0 9 0 9 1 1 1 9 1 9 0 0 0 1 1 1 1 1 1 1 1 1 0 0 0 0 0 1 1 0 0 0 0 0 0 0   0.01404   0.12111   0.00884   0.01935   0.45673
BS52-3 2 2 2 2 2 2 1 1 1 1 1 1 9 1 1 1 9 0 9 0 0 0 1 1 1 0 0 0 0 0 0 0 0 0 0 0 0 0 0 1 1 1 1 1 0   0.00955   0.12976   0.00762   0.01687   0.45192
BS52-4 0 0 0 0 0 2 0 1 0 1 1 1 9 1 1 1 9 0 9 1 1 1 0 0 0 0 0 0 0 0 0 0 0 0 0 0 1 1 1 1 1 1 1 1 1   0.01819   0.16218   0.00975   0.02318   0.42067
BS52-5 0 0 0 0 0 0 1 1 1 1 1 1 9 1 1 1 9 1 9 1 1 1 1 1 1 1 1 1 1 1 1 1 1 1 1 1 1 1 0 0 0 0 0 0 0   0.00868   0.09819   0.00762   0.01642   0.46394
BS53-1 2 2 0 0 0 0 1 1 1 1 1 1 9 1 1 1 9 1 9 1 1 1 1 9 1 1 1 0 0 0 0 0 0 0 0 0 0 1 1 1 1 1 0 0 0   0.01588   0.13762   0.00925   0.02014   0.45913
BS53-2 2 2 2 2 0 0 0 0 0 0 0 0 9 0 0 0 9 0 9 0 0 0 0 1 1 1 1 1 1 1 1 0 0 0 0 0 0 0 0 0 0 0 0 0 0   0.02118   0.17784   0.01024   0.02173   0.47115
BS53-3 0 0 0 0 0 0 0 1 1 1 1 1 9 1 1 1 9 0 9 1 1 1 0 0 0 0 0 0 0 0 0 0 0 0 0 0 1 9 1 1 1 1 1 1 1   0.01817   0.16819   0.00963   0.02054   0.46875
BS53-4 0 0 2 2 2 2 0 0 0 0 0 0 9 0 0 0 9 1 9 1 1 1 1 1 1 1 1 1 0 0 0 0 0 0 0 0 1 1 1 1 0 0 0 0 1   0.02099   0.12730   0.01040   0.02241   0.46394
BS53-5 0 0 0 0 0 0 1 0 0 0 0 0 9 1 1 1 9 0 9 1 1 1 1 1 1 1 1 1 1 1 1 1 1 1 1 1 1 1 1 1 0 0 0 0 0   0.01531   0.12569   0.00916   0.01964   0.46635
BS54-1 2 2 0 0 2 2 1 1 1 1 1 1 9 0 0 0 9 0 9 0 0 0 0 1 1 1 1 1 1 1 1 1 1 1 1 1 1 1 1 1 1 1 1 1 1   0.00549   0.08934   0.00693   0.01550   0.44712
BS54-2 2 2 2 2 2 2 1 1 1 1 1 1 9 1 1 1 9 0 9 0 0 0 1 1 1 1 1 1 1 1 1 1 1 1 1 1 1 1 1 1 1 1 1 1 1  -0.00735   0.06484   0.00430   0.00942   0.45673
BS54-3 2 2 2 2 2 2 1 1 1 1 1 1 9 0 0 0 9 0 9 0 0 1 0 0 0 0 0 0 0 0 0 0 0 0 0 0 0 0 0 0 0 0 0 0 0   0.02005   0.17105   0.00994   0.02259   0.43990
BS54-4 0 0 0 0 0 0 1 1 1 1 1 1 9 1 1 1 9 0 9 0 0 0 0 0 0 0 0 9 0 0 1 1 1 1 1 1 1 1 1 1 1 0 0 1 1   0.01480   0.13429   0.00906   0.02027   0.44712
BS54-5 0 0 0 0 0 0 1 1 1 0 0 0 9 1 1 1 9 1 9 1 1 0 0 0 0 0 0 0 0 0 0 0 0 0 0 0 0 0 1 1 1 1 1 1 1   0.01759   0.16649   0.00976   0.02148   0.45433
BS55-1 2 2 2 2 2 2 1 1 0 0 0 0 9 1 1 1 9 1 9 1 1 1 1 1 1 1 1 1 1 1 1 1 0 0 0 0 0 0 0 0 0 0 0 0 0   0.01533   0.13672   0.00901   0.02036   0.44231
BS55-2 2 2 0 0 2 2 0 0 0 0 0 1 9 1 1 1 9 1 9 1 1 1 0 0 0 0 0 0 0 0 0 0 0 0 0 0 0 1 1 1 1 1 1 1 1   0.02101   0.16428   0.01049   0.02371   0.44231
BS55-3 2 2 2 2 2 0 1 1 1 1 1 1 9 1 1 1 9 1 9 1 1 1 0 0 0 0 0 0 1 1 1 1 1 1 1 1 1 9 1 0 0 0 0 0 0   0.01040   0.11787   0.00798   0.01737   0.45913
BS55-4 0 0 0 0 0 0 0 0 0 0 0 0 9 1 1 1 9 1 9 1 1 1 0 0 0 0 0 1 1 1 1 1 1 1 1 1 1 1 1 1 1 1 1 1 1   0.01238   0.15992   0.00824   0.01786   0.46154
BS55-5 0 0 0 0 0 0 1 1 1 1 1 1 9 1 1 1 9 1 9 1 1 1 1 1 1 1 1 1 1 1 1 1 1 1 1 1 0 0 0 0 1 1 1 1 1   0.00720   0.08358   0.00744   0.01620   0.45913
BS56-1 2 2 2 2 2 0 0 0 9 0 0 0 9 0 1 9 9 1 9 1 1 1 0 0 0 0 0 0 1 9 1 1 1 1 1 1 1 1 1 1 1 1 1 1 1   0.00931   0.10153   0.00780   0.01690   0.46154
BS56-2 2 2 2 2 0 0 0 0 1 1 1 1 9 1 1 1 9 1 9 0 0 0 0 0 0 0 0 0 0 0 0 0 0 0 0 0 0 0 0 0 0 0 0 0 0   0.01839   0.16607   0.00982   0.02064   0.47596
BS56-3 0 0 0 0 2 0 0 0 0 0 0 0 9 0 0 0 9 0 9 0 0 0 1 1 1 1 1 1 1 1 1 1 1 1 1 1 1 1 1 1 1 1 0 0 0   0.01657   0.14499   0.00924   0.02002   0.46154
BS56-4 0 0 0 0 0 0 0 0 0 1 1 1 9 1 1 1 9 0 9 0 1 1 0 0 0 0 0 0 0 0 0 0 0 0 0 0 0 0 0 0 0 0 0 0 0   0.02973   0.21646   0.01238   0.02710   0.45673
BS56-5 0 0 0 0 0 0 1 1 1 1 0 0 9 1 1 1 9 0 9 0 0 0 0 0 0 0 0 0 0 0 0 0 0 0 0 0 0 0 0 0 0 0 0 0 0   0.02824   0.20509   0.01194   0.02586   0.46154
BS57-1 2 2 2 2 2 2 0 0 0 0 0 0 9 0 0 0 9 0 9 0 0 0 0 0 0 0 0 0 0 1 1 1 1 1 1 1 1 1 1 1 1 1 1 1 0   0.01627   0.15836   0.00914   0.02089   0.43750
BS57-2 2 2 2 2 2 0 0 1 1 1 1 1 9 0 0 0 9 0 9 1 1 1 1 1 1 1 1 1 1 1 1 1 1 1 1 1 1 1 0 0 0 0 0 0 0   0.00609   0.10580   0.00693   0.01478   0.46875
BS57-3 2 2 2 2 2 2 1 0 1 1 1 1 9 1 1 1 9 1 9 1 1 1 0 0 0 0 0 0 0 0 0 1 1 1 1 1 1 1 1 1 1 1 9 1 1   0.00228   0.10536   0.00606   0.01377   0.43990
BS57-4 0 0 0 0 0 0 0 0 1 1 1 1 9 1 1 1 9 0 9 0 1 1 1 1 1 1 1 1 1 1 1 1 1 1 1 1 1 1 1 1 0 0 0 0 0   0.00717   0.10205   0.00737   0.01580   0.46635
BS57-5 0 0 0 0 0 2 1 1 1 1 1 1 9 1 1 0 9 0 9 0 0 0 0 0 0 0 0 0 1 1 1 1 1 1 1 1 1 1 1 1 1 0 0 0 0   0.01336   0.13394   0.00853   0.01928   0.44231
BS58-1 2 2 2 2 2 0 1 1 1 1 1 1 9 1 1 1 9 1 9 1 1 1 1 1 1 1 0 0 0 0 0 0 0 0 0 0 1 0 0 0 0 0 0 0 0   0.01370   0.14583   0.00850   0.01842   0.46154
BS58-2 2 2 0 0 0 0 1 1 1 1 1 1 9 1 1 1 9 1 9 1 1 1 0 0 0 0 0 0 0 0 0 0 0 0 0 0 0 0 0 0 0 0 0 0 0   0.02358   0.17251   0.01124   0.02410   0.46635
BS58-3 0 0 0 0 2 2 0 1 1 1 1 1 9 1 1 1 9 1 9 1 1 1 0 0 0 1 1 1 1 1 1 1 1 1 1 0 0 0 0 0 0 0 0 0 0   0.01418   0.16009   0.00847   0.01863   0.45433
BS58-4 0 0 0 0 0 0 1 1 1 1 1 1 9 1 1 1 9 1 9 1 1 1 1 1 1 1 1 1 1 1 1 1 1 1 1 1 1 0 0 0 0 0 0 0 0   0.00919   0.11271   0.00781   0.01693   0.46154
BS58-5 0 0 0 0 0 0 1 1 1 1 1 1 9 1 1 1 9 1 9 1 1 1 1 1 0 0 0 0 0 0 0 0 0 0 0 0 0 0 0 1 1 1 1 1 1   0.01440   0.15366   0.00889   0.01967   0.45192
BS59-1 2 2 2 2 2 0 9 0 0 0 0 0 9 1 1 1 9 1 9 1 1 0 0 0 0 0 0 0 0 0 0 0 0 0 0 0 1 1 1 1 1 1 1 1 1   0.01769   0.16753   0.00944   0.02089   0.45192
BS59-2 2 2 2 2 0 0 0 1 1 1 1 1 9 1 1 1 9 0 9 1 1 1 1 1 1 1 1 1 1 1 0 0 0 0 1 1 1 0 0 0 0 0 0 0 0   0.00965   0.13272   0.00778   0.01667   0.46635
BS59-3 2 2 2 2 2 2 0 0 0 0 0 0 9 0 0 0 9 0 9 0 0 0 0 0 0 0 0 0 0 0 0 0 0 0 1 1 1 1 1 1 1 1 1 1 1   0.01445   0.15870   0.00862   0.01887   0.45673
BS59-4 0 0 0 0 0 0 1 1 1 1 0 0 9 0 0 0 9 1 9 1 1 1 1 1 1 1 0 0 1 1 1 1 1 1 1 1 1 1 1 1 0 0 0 0 0   0.01283   0.11514   0.00846   0.01814   0.46635
BS59-5 0 0 0 0 0 0 0 0 0 0 0 0 9 9 1 1 9 1 9 1 1 0 0 0 0 0 0 0 0 0 0 9 0 0 0 0 0 0 0 0 0 0 1 1 1   0.02336   0.18346   0.01120   0.02465   0.45433
BS60-1 2 2 2 2 0 0 0 0 0 0 0 0 9 9 0 0 9 1 9 1 1 0 0 0 0 0 0 0 0 0 0 0 0 0 0 0 1 1 1 1 1 1 9 1 1   0.01780   0.16201   0.00965   0.02195   0.43990
BS60-2 2 2 2 2 0 0 0 0 0 0 0 1 9 1 1 1 9 1 9 0 0 0 0 0 0 0 0 0 0 0 0 0 0 0 0 1 1 1 1 1 1 1 9 1 1   0.01421   0.15430   0.00872   0.01889   0.46154
BS60-3 0 0 2 2 2 2 0 0 1 1 1 1 9 0 0 0 9 0 9 0 0 0 0 0 0 0 0 9 0 0 0 0 0 0 0 0 0 0 0 0 0 0 0 0 0   0.02506   0.20892   0.01081   0.02471   0.43750
BS60-4 0 0 0 0 0 0 0 0 0 0 0 0 9 1 1 0 9 1 9 1 1 1 1 1 1 1 1 1 1 1 0 0 0 0 0 0 0 0 0 0 0 0 0 0 0   0.02140   0.16190   0.01070   0.02307   0.46394
BS60-5 0 0 0 0 0 0 0 0 0 0 0 0 9 1 1 1 9 1 9 1 1 1 1 1 1 1 0 0 0 0 0 0 0 0 0 0 0 1 1 1 1 1 1 1 1   0.01554   0.15530   0.00922   0.02051   0.44952
BS61-1 2 2 2 2 2 2 0 0 0 0 1 1 9 1 1 1 9 1 9 1 1 1 1 1 1 1 1 1 1 1 1 1 1 1 1 1 1 1 1 1 1 1 1 1 1  -0.00017   0.05841   0.00576   0.01267   0.45433
BS61-2 2 2 2 2 0 0 0 0 0 0 0 0 9 0 0 0 9 0 9 0 0 0 1 1 1 1 1 0 0 0 0 0 0 0 0 0 0 0 0 0 0 0 1 1 1   0.01790   0.16916   0.00951   0.02082   0.45673
BS61-3 2 2 2 2 2 2 0 0 0 0 0 1 9 0 0 0 9 0 9 0 0 0 1 1 1 1 1 1 1 1 1 1 1 1 1 1 1 1 1 1 1 1 1 1 1   0.00565   0.09348   0.00678   0.01462   0.46394
BS61-4 0 0 0 0 0 0 1 1 1 1 1 1 9 0 0 0 9 0 9 0 0 0 1 1 1 1 1 1 1 1 1 1 1 1 1 1 1 1 1 1 0 1 1 1 1   0.00829   0.09112   0.00756   0.01647   0.45913
BS61-5 0 0 0 2 2 2 0 0 0 0 0 0 9 1 1 1 9 0 9 0 0 0 1 1 1 1 1 0 0 0 0 0 0 0 0 0 1 1 1 1 0 0 0 0 0   0.01659   0.15991   0.00910   0.02164   0.42067
BS62-1 2 2 2 2 2 2 0 0 0 0 0 0 9 0 0 1 9 0 9 0 0 0 1 1 1 1 1 0 0 0 0 0 0 1 1 1 0 0 0 0 0 0 0 0 0   0.02175   0.16971   0.01033   0.02261   0.45673
BS62-2 2 2 2 2 2 2 0 0 0 0 0 0 9 1 1 1 9 1 9 1 1 1 1 1 1 1 1 1 1 1 1 1 1 1 1 1 1 1 1 1 1 1 1 0 0   0.00329   0.04453   0.00656   0.01400   0.46875
BS62-3 0 0 0 0 0 0 1 1 1 1 1 1 9 0 0 0 9 1 9 1 1 1 0 0 0 0 0 1 1 1 1 1 1 1 1 1 1 1 1 1 1 1 1 1 1   0.01021   0.08526   0.00814   0.01791   0.45433
BS62-4 2 0 0 0 0 0 0 0 0 0 0 0 9 0 0 0 9 0 9 0 0 0 1 1 1 1 1 1 1 1 1 1 1 1 1 1 1 1 1 1 1 1 1 1 1   0.01390   0.11940   0.00893   0.01895   0.47115
BS62-5 0 0 0 0 0 0 1 1 1 1 1 1 9 0 0 0 9 0 9 1 1 1 1 1 9 1 1 1 1 9 1 1 1 1 9 1 1 1 1 1 1 1 1 1 1   0.00717   0.07325   0.00724   0.01545   0.46875
BS63-1 2 2 2 2 2 2 1 1 1 1 0 0 9 1 1 1 9 0 9 0 0 0 1 1 1 1 1 1 1 1 1 1 1 1 1 1 1 1 1 1 1 1 1 1 1   0.00170   0.03568   0.00628   0.01354   0.46394
BS63-2 2 2 2 2 0 0 1 1 0 0 0 0 9 0 0 1 9 0 9 1 1 1 0 0 1 1 1 1 1 1 1 1 1 1 1 1 1 1 1 1 1 1 1 1 1   0.00311   0.08188   0.00648   0.01404   0.46154
BS63-3 2 2 2 2 2 0 1 1 0 0 0 0 9 0 0 0 9 0 9 0 0 0 1 1 1 1 1 0 0 0 0 0 0 0 0 0 0 0 0 0 0 1 1 1 1   0.01833   0.17866   0.00950   0.02036   0.46635
BS63-4 0 0 0 0 0 0 1 1 1 1 1 1 9 0 0 0 9 0 9 0 0 0 1 1 1 1 1 1 1 1 1 0 0 0 0 0 0 0 0 0 0 0 0 0 0   0.02487   0.16874   0.01141   0.02421   0.47115
BS63-5 0 0 0 2 2 2 1 1 1 1 1 1 9 1 1 1 9 1 9 0 0 0 0 0 0 0 0 9 0 0 0 0 0 0 0 0 1 1 1 1 1 1 1 1 1   0.01218   0.12662   0.00843   0.01905   0.44231
BS64-1 2 2 2 2 0 0 1 1 1 1 1 1 9 0 0 0 9 1 9 0 0 0 0 0 0 0 1 1 1 1 1 1 1 1 1 1 0 0 0 0 0 1 1 1 1   0.00605   0.10602   0.00707   0.01555   0.45433
BS64-2 2 2 0 0 0 2 0 0 0 0 0 0 9 0 0 0 9 1 9 1 1 1 0 0 0 0 0 0 0 0 0 0 0 0 0 0 0 0 0 0 0 0 0 0 0   0.03089   0.20450   0.01290   0.02853   0.45192
BS64-3 0 0 0 0 0 0 1 1 1 1 1 1 9 1 1 1 9 0 9 1 1 1 0 0 1 1 1 1 1 1 1 1 1 1 1 1 1 1 1 1 1 1 1 1 1   0.00284   0.08006   0.00640   0.01438   0.44471
BS64-4 0 0 0 0 9 0 1 1 1 1 1 1 9 1 1 1 9 1 9 1 0 0 0 0 0 0 0 1 1 1 1 0 0 0 0 0 0 0 0 1 1 1 1 1 1   0.01550   0.15804   0.00905   0.01941   0.46635
BS64-5 2 2 2 2 2 2 1 1 1 1 1 1 9 1 1 1 9 0 9 0 0 0 0 0 0 0 0 0 0 0 0 0 0 0 0 0 0 0 1 1 1 1 1 1 1   0.01188   0.13885   0.00816   0.01805   0.45192
BS65-1 2 2 0 0 0 0 1 1 1 1 1 1 9 1 1 1 9 0 9 1 1 1 1 1 1 1 1 1 1 1 1 1 1 1 1 1 1 1 1 1 1 1 1 0 0   0.00178   0.08274   0.00613   0.01334   0.45913
BS65-2 2 2 0 0 0 0 1 1 1 1 1 1 9 1 1 1 9 1 9 1 1 1 0 0 0 0 0 0 0 0 0 0 0 0 0 0 0 1 1 1 1 1 1 1 1   0.01461   0.14492   0.00917   0.02007   0.45673
BS65-3 0 0 0 0 0 2 0 0 0 0 0 0 9 0 0 0 9 0 9 0 0 0 0 1 1 1 1 1 1 1 1 1 1 0 0 0 0 1 1 1 1 1 1 1 1   0.01304   0.15132   0.00837   0.01913   0.43750
BS65-4 0 0 0 2 2 2 0 0 0 0 0 0 9 0 0 0 9 0 9 0 0 0 1 1 1 1 1 0 0 0 0 0 0 0 0 0 0 0 0 0 0 1 1 1 1   0.02580   0.18283   0.01155   0.02624   0.43990
BS65-5 0 0 0 0 0 0 1 1 1 1 1 1 9 1 1 1 9 1 9 1 1 1 1 1 1 1 1 1 1 1 1 1 1 1 1 1 1 1 1 1 1 1 1 1 1   0.00198   0.03132   0.00647   0.01394   0.46394
BS66-1 2 2 2 2 2 2 0 0 0 0 0 0 9 1 1 1 9 1 9 1 1 1 0 0 0 0 0 0 0 0 0 0 0 0 0 0 0 0 0 0 0 0 0 0 0   0.02641   0.17562   0.01171   0.02620   0.44712
BS66-2 2 2 2 2 2 2 1 1 1 1 1 0 9 0 0 0 9 0 9 0 0 1 1 1 1 1 1 9 1 1 1 1 1 1 1 1 1 1 1 1 1 1 1 1 1   0.00133   0.03483   0.00617   0.01337   0.46154
BS66-3 0 0 0 0 0 2 1 1 1 1 1 1 9 1 1 0 9 0 9 0 1 1 0 0 0 0 0 0 1 1 1 1 1 1 1 1 1 1 1 1 1 1 1 1 1   0.00750   0.12334   0.00719   0.01680   0.42788
BS66-4 0 0 0 0 0 2 1 1 1 1 1 1 9 1 1 0 9 0 9 1 1 1 0 0 0 0 0 0 0 0 1 1 1 1 1 1 0 0 0 0 0 0 0 1 1   0.01639   0.16932   0.00914   0.02066   0.44231
BS66-5 0 0 0 0 2 2 0 0 0 0 0 0 9 0 0 0 9 1 9 1 0 0 0 0 1 1 1 9 1 1 1 1 1 1 1 1 1 1 1 1 1 1 1 1 1   0.01328   0.11879   0.00852   0.01894   0.44952
BS67-1 2 2 2 2 0 0 0 0 0 1 1 1 9 1 1 1 9 1 9 0 0 0 0 0 0 0 0 0 0 0 0 0 0 0 0 0 0 0 0 0 0 0 0 1 1   0.01863   0.16917   0.00967   0.02129   0.45433
BS67-2 2 2 0 0 0 2 1 1 1 1 1 1 9 0 0 1 9 1 9 1 1 1 0 0 0 0 0 0 0 0 0 0 0 0 0 0 0 0 0 0 1 1 1 1 1   0.01643   0.13681   0.00944   0.02122   0.44471
BS67-3 2 2 2 2 2 2 0 0 0 0 0 0 9 1 1 1 9 1 9 1 1 1 1 1 1 1 0 0 0 0 0 0 1 1 1 1 1 1 1 1 1 1 0 0 0   0.01033   0.11687   0.00792   0.01707   0.46394
BS67-4 2 0 0 0 0 0 1 1 1 1 1 1 9 1 1 1 9 1 9 1 1 1 0 1 1 1 1 1 1 1 1 1 1 1 1 1 1 1 1 1 0 0 0 0 0   0.00548   0.09420   0.00690   0.01495   0.46154
BS67-5 0 0 0 0 2 2 1 1 0 0 0 0 9 0 0 0 9 1 9 1 1 1 1 1 1 1 1 1 1 1 1 1 1 1 1 1 1 0 0 0 0 0 0 1 1   0.01512   0.12741   0.00901   0.02049   0.43990
BS68-1 2 2 2 2 0 0 1 1 0 0 0 0 9 0 0 0 9 0 9 0 0 0 1 1 1 0 0 1 1 1 1 1 1 1 1 1 1 1 1 1 1 1 1 1 1   0.00828   0.15124   0.00724   0.01618   0.44712
BS68-2 2 2 0 0 0 0 0 0 0 0 0 0 9 0 0 0 9 1 9 9 0 0 0 0 0 0 0 0 1 1 1 1 1 1 1 1 1 1 1 0 0 0 0 0 0   0.02226   0.18239   0.01072   0.02299   0.46635
BS68-3 0 0 0 0 0 0 1 0 0 0 0 0 9 0 0 0 9 1 9 1 1 1 0 0 0 0 0 0 1 1 1 1 1 1 1 1 1 1 1 1 1 1 0 0 0   0.01951   0.19032   0.00985   0.02102   0.46875
BS68-4 0 0 0 0 0 0 0 0 0 1 1 1 9 1 1 1 9 1 9 1 1 1 1 1 1 1 1 1 1 1 1 0 0 0 0 0 0 0 0 0 0 0 0 1 1   0.01762   0.15744   0.00970   0.02080   0.46635
BS68-5 0 0 0 0 0 2 1 1 1 1 1 1 9 1 1 1 9 1 9 1 1 1 0 0 0 0 0 1 1 1 1 1 1 1 1 1 1 1 1 1 1 1 1 1 1   0.00245   0.07723   0.00654   0.01425   0.45913
BS69-1 2 2 2 2 2 0 0 0 0 0 0 0 9 0 0 0 9 1 9 1 1 1 0 0 0 0 0 1 1 1 1 1 1 1 1 1 1 1 1 1 1 0 0 0 0   0.01408   0.14144   0.00862   0.01888   0.45673
BS69-2 2 2 2 2 2 0 0 0 0 0 0 0 9 1 1 1 9 1 9 1 1 1 1 1 1 1 1 0 0 0 0 0 0 0 0 0 0 0 0 1 1 1 1 1 1   0.01309   0.13897   0.00847   0.01817   0.46635
BS69-3 2 2 2 2 2 0 1 1 1 1 1 1 9 1 1 1 9 0 9 0 0 0 1 1 1 1 1 1 1 1 1 1 1 1 1 1 1 1 1 1 0 0 0 0 0   0.00156   0.08351   0.00598   0.01282   0.46635
BS69-4 0 0 0 0 0 0 0 0 1 1 1 1 9 1 1 1 9 0 9 0 0 0 1 1 1 1 1 1 0 0 0 0 0 0 0 0 0 0 0 1 1 1 1 0 0   0.01919   0.15610   0.01006   0.02157   0.46635
BS69-5 0 0 0 0 0 0 1 1 1 1 1 1 9 1 1 1 9 0 9 0 0 0 0 0 0 0 0 1 1 1 1 1 1 1 1 1 1 1 1 1 1 1 1 1 1   0.00918   0.10857   0.00782   0.01661   0.47115
BS70-1 2 2 2 2 2 0 0 1 1 1 1 1 9 1 1 1 9 1 9 0 0 0 1 1 1 1 1 0 0 0 0 0 0 0 0 0 0 1 0 0 1 1 1 1 1   0.01478   0.11143   0.00897   0.01904   0.47115
BS70-2 2 2 2 2 2 0 1 1 1 1 1 1 9 1 1 1 9 1 9 0 0 1 0 1 1 1 1 1 1 1 1 1 1 1 1 0 0 0 0 0 1 1 1 1 1   0.00002   0.04680   0.00586   0.01245   0.47115
BS70-3 0 0 0 0 0 0 1 1 1 9 0 0 9 0 0 0 9 0 9 0 0 0 1 1 1 9 1 1 1 1 1 1 9 1 1 0 0 0 0 9 9 0 0 0 9   0.01743   0.14771   0.00968   0.02109   0.45913
BS70-4 0 0 0 0 2 2 1 1 1 1 1 1 9 1 1 1 9 1 9 1 1 1 1 1 1 1 1 1 1 1 1 1 1 1 1 1 1 1 1 1 1 1 1 0 0   0.00572   0.06305   0.00704   0.01542   0.45673
BS70-5 0 0 0 0 0 0 1 1 1 1 1 1 9 1 1 1 9 1 9 1 1 1 1 1 1 1 1 1 1 1 1 1 1 1 1 1 1 1 1 1 1 1 1 1 1   0.00004   0.03437   0.00616   0.01321   0.46635
BS71-1 2 2 2 2 2 2 1 1 1 1 1 1 9 1 1 1 9 1 9 1 0 0 0 0 0 0 0 0 0 0 0 0 0 0 0 0 0 0 0 0 0 0 0 0 0   0.01979   0.17631   0.00980   0.02112   0.46394
BS71-2 2 2 2 2 2 2 1 1 0 0 0 0 9 0 0 0 9 0 9 0 0 0 0 0 0 0 0 0 0 0 0 0 0 0 0 0 1 1 1 1 1 1 1 1 1   0.01721   0.15446   0.00929   0.02055   0.45192
BS71-3 2 2 2 2 2 2 0 0 0 1 1 1 9 1 1 1 9 1 9 1 1 1 1 1 1 1 1 1 1 1 1 1 1 1 1 1 1 0 0 0 0 0 0 0 0   0.00768   0.12566   0.00721   0.01529   0.47115
BS71-4 0 0 0 0 0 0 0 0 0 0 0 0 9 0 1 1 9 1 9 1 1 1 0 0 1 1 1 1 0 0 0 0 0 0 0 0 0 0 0 0 0 1 1 1 1   0.02423   0.16471   0.01156   0.02479   0.46635
BS71-5 0 0 0 0 0 0 0 0 1 1 1 1 9 1 1 1 9 1 9 1 1 9 0 0 0 1 1 0 1 1 1 1 1 1 1 1 1 1 1 1 0 0 0 0 0   0.01478   0.16008   0.00886   0.01930   0.45913
BS72-1 2 2 2 2 0 0 1 1 1 1 1 1 9 1 1 1 9 1 9 0 0 0 0 0 0 0 0 1 1 1 1 0 0 0 0 0 1 0 0 0 0 0 0 0 0   0.01637   0.15699   0.00924   0.02067   0.44712
BS72-2 0 0 0 2 2 0 0 1 1 1 1 1 9 1 1 1 9 1 9 1 0 0 0 0 0 0 0 9 0 0 0 1 1 1 1 1 1 1 1 0 0 0 0 0 0   0.01769   0.16261   0.00972   0.02096   0.46394
BS72-3 2 0 0 0 0 0 1 1 1 1 1 1 9 1 1 1 9 1 9 1 1 1 1 1 1 1 1 0 0 0 0 1 1 1 1 1 1 1 1 1 1 1 1 1 1   0.00528   0.09543   0.00695   0.01546   0.44952
BS72-4 2 2 2 2 0 0 0 0 0 0 1 1 9 1 1 1 9 1 9 1 1 1 0 0 0 0 1 1 1 0 0 0 0 0 0 1 1 1 1 1 1 1 0 0 0   0.01048   0.12986   0.00810   0.01756   0.46154
BS72-5 0 0 0 0 0 0 1 1 1 1 1 1 9 0 0 0 9 1 9 1 1 1 0 0 0 0 0 0 1 1 1 1 1 1 1 1 1 1 1 1 0 0 0 0 0   0.01620   0.13172   0.00960   0.02068   0.46394
BS73-1 2 2 2 2 0 0 1 1 0 0 0 0 9 0 0 0 9 0 9 0 0 0 0 0 1 1 1 1 1 1 1 1 1 1 1 1 0 0 0 0 0 0 0 0 0   0.01613   0.13168   0.00931   0.01967   0.47356
BS73-2 0 0 0 0 0 0 0 0 0 0 0 0 9 0 0 0 9 0 9 0 0 0 1 1 1 1 1 0 0 0 0 0 0 0 1 1 1 1 1 0 0 0 1 1 1   0.02409   0.16949   0.01124   0.02411   0.46635
BS73-3 0 0 0 0 0 0 0 0 0 0 0 0 9 0 0 0 9 0 9 1 1 1 1 0 0 0 0 1 1 0 0 0 0 0 0 0 0 0 0 0 0 0 0 0 0   0.02496   0.17671   0.01155   0.02450   0.47115
BS73-4 2 2 2 2 2 0 1 1 1 1 1 9 9 1 1 1 9 0 9 0 1 1 1 1 1 1 1 1 1 9 0 0 0 0 9 0 1 1 1 1 1 1 1 0 0   0.00746   0.08218   0.00738   0.01607   0.45913
BS73-5 0 2 2 2 2 2 1 1 1 1 1 1 9 0 0 0 9 0 9 0 0 0 0 0 0 0 0 0 0 0 1 1 1 1 1 1 1 1 1 0 0 1 1 1 1   0.00832   0.15262   0.00723   0.01770   0.40865
BS74-1 0 0 0 0 0 0 1 1 1 1 1 1 9 1 1 1 9 1 9 1 1 1 1 1 1 1 1 1 1 1 1 1 1 1 1 0 0 0 0 0 0 0 0 0 0   0.01258   0.14408   0.00836   0.01730   0.48317
BS74-2 0 0 0 0 0 0 0 0 0 0 0 0 9 0 0 0 9 0 9 0 0 0 0 0 0 0 0 0 1 9 1 1 1 1 1 9 1 1 9 1 1 1 1 1 1   0.01349   0.15432   0.00862   0.01848   0.46635
BS74-3 0 0 0 0 0 0 0 0 1 1 1 1 9 1 1 1 9 0 9 0 0 0 1 1 1 0 0 0 0 0 0 0 0 0 0 0 0 1 1 9 1 1 1 1 1   0.01782   0.15505   0.00963   0.02065   0.46635
BS74-4 2 2 0 0 0 0 0 0 0 0 0 0 9 1 1 1 9 1 9 1 1 1 1 1 1 1 1 1 1 1 1 1 1 1 1 1 1 1 1 1 1 1 1 1 1   0.00643   0.06350   0.00730   0.01535   0.47596
BS74-5 2 2 2 2 2 2 1 1 1 1 1 1 9 1 1 1 9 1 9 1 1 1 1 1 1 1 1 0 0 0 0 0 0 0 0 0 0 9 0 0 1 1 1 1 1   0.00941   0.10440   0.00773   0.01710   0.45192
BS75-1 2 2 2 2 2 0 0 0 0 0 0 0 9 1 1 1 9 1 9 1 1 1 1 1 1 1 1 1 1 1 1 1 1 1 1 1 1 1 1 1 1 1 1 1 1   0.00082   0.05996   0.00595   0.01277   0.46635
BS75-2 0 0 0 0 0 0 1 1 1 1 1 1 9 1 1 1 9 1 9 1 0 0 1 1 1 1 1 1 1 1 1 1 1 1 1 1 1 1 1 1 1 1 1 1 1   0.00410   0.04497   0.00700   0.01493   0.46875
BS75-3 2 2 0 0 0 0 0 0 0 0 0 0 9 0 0 0 9 0 9 1 1 0 1 1 1 1 1 1 1 1 0 0 0 0 0 0 0 0 0 0 0 0 0 1 1   0.01669   0.13517   0.00976   0.02149   0.45433
BS75-4 0 0 0 0 0 0 1 1 1 1 1 1 9 1 1 1 9 1 9 1 1 1 1 1 1 1 1 1 1 1 1 1 1 1 1 1 1 0 0 0 0 0 0 0 0   0.00922   0.08774   0.00790   0.01703   0.46394
BS75-5 2 2 0 0 0 0 1 1 1 1 1 0 9 0 0 0 9 1 9 1 1 1 0 0 0 0 0 9 1 1 1 1 1 1 1 1 1 1 1 1 1 0 0 0 0   0.01087   0.11892   0.00811   0.01739   0.46635
BS76-1 0 0 0 0 0 0 0 0 0 0 0 0 9 0 0 1 9 0 9 0 0 0 0 0 1 1 1 1 1 1 1 1 1 1 1 1 1 1 1 1 1 1 1 1 1   0.01308   0.14232   0.00856   0.01825   0.46875
BS76-2 9 0 0 0 0 0 0 9 0 0 9 1 9 1 1 0 9 0 9 1 1 1 0 0 0 0 0 0 1 1 1 1 1 1 1 0 0 0 0 0 1 1 1 1 1   0.01383   0.17326   0.00859   0.01805   0.47596
BS76-3 0 0 0 0 0 0 1 1 1 1 1 1 9 1 1 1 9 1 9 0 0 0 1 1 1 1 1 1 1 1 1 0 0 0 1 1 1 1 1 1 1 1 1 1 1   0.00522   0.06489   0.00707   0.01500   0.47115
BS76-4 0 0 0 0 0 9 0 0 1 1 1 1 9 1 0 0 9 0 9 1 1 1 1 1 1 1 1 1 1 1 1 1 1 1 1 1 1 1 1 1 1 1 1 1 1   0.00827   0.06432   0.00763   0.01654   0.46154
BS76-5 0 0 0 0 2 2 1 1 1 1 1 1 9 0 0 0 9 1 9 1 1 1 1 1 1 1 1 1 1 1 1 1 1 1 1 1 1 1 1 0 0 0 0 0 0   0.00976   0.08384   0.00784   0.01699   0.46154
BS77-1 2 2 2 2 2 0 1 1 1 1 1 1 9 0 0 0 9 0 9 1 1 1 1 1 1 1 1 1 1 1 1 1 1 1 1 1 1 1 1 1 1 1 1 1 1   0.00356   0.01926   0.00667   0.01438   0.46394
BS77-2 2 2 2 2 2 2 1 0 0 0 0 0 9 0 0 0 9 0 9 0 0 0 0 0 0 0 0 0 0 1 1 1 1 1 1 1 1 1 1 1 1 1 1 1 1   0.01317   0.16004   0.00827   0.01831   0.45192
BS77-3 2 2 2 2 0 0 0 0 0 0 0 0 9 0 0 0 9 0 9 0 0 0 0 1 1 1 1 1 1 1 1 1 1 1 1 1 1 1 1 1 1 1 1 1 1   0.00939   0.12077   0.00754   0.01617   0.46635
BS77-4 2 2 2 2 0 0 0 0 0 0 0 0 9 1 1 1 9 1 9 1 0 0 0 0 0 0 0 0 0 0 0 0 0 0 0 0 0 0 0 0 0 1 1 1 1   0.02108   0.17428   0.01047   0.02222   0.47115
BS77-5 2 2 2 2 2 0 0 0 1 1 1 1 9 1 1 1 9 1 9 1 1 1 1 1 0 0 0 0 0 1 1 1 1 1 1 0 0 0 0 0 0 0 0 0 0   0.01642   0.16734   0.00914   0.01959   0.46635
BS78-1 2 2 0 0 0 0 1 1 1 1 1 1 9 1 1 1 9 0 9 0 0 0 0 0 0 0 0 0 0 0 0 0 0 0 0 0 0 0 0 0 0 0 0 0 0   0.02377   0.21185   0.01056   0.02325   0.45433
BS78-2 2 2 0 0 0 0 1 1 1 1 1 1 9 1 1 1 9 1 9 1 1 1 1 1 1 1 1 1 0 0 0 0 0 0 0 1 1 1 1 1 1 1 1 0 0   0.00661   0.10906   0.00707   0.01547   0.45673
BS78-3 0 0 0 0 0 0 1 1 1 1 1 1 9 0 0 0 9 1 9 1 1 1 1 1 1 1 0 9 0 0 0 0 0 0 0 0 1 1 1 1 1 1 1 1 1   0.01150   0.13076   0.00825   0.01835   0.44952
BS78-4 2 2 2 2 2 2 1 1 1 1 1 1 9 1 1 1 9 1 9 1 1 1 1 1 0 0 0 0 0 0 0 1 1 1 1 1 1 1 1 1 1 1 1 1 1   0.00496   0.08039   0.00676   0.01529   0.44231
BS78-5 0 0 0 0 0 0 1 1 1 1 1 1 9 0 0 0 9 1 9 0 0 0 0 0 0 0 0 0 0 0 0 0 0 0 0 1 1 1 1 1 1 1 1 0 0   0.01866   0.17215   0.00963   0.02252   0.42788
BS79-1 2 2 2 0 0 9 1 1 1 1 1 1 9 1 1 1 9 1 9 1 1 1 0 0 0 0 1 1 1 1 1 1 1 1 1 1 0 0 0 0 0 1 1 1 1   0.00867   0.09039   0.00779   0.01751   0.44471
BS79-2 2 2 2 2 2 0 1 1 1 1 1 1 9 0 0 0 9 0 9 1 1 0 0 0 0 0 0 0 0 0 0 0 0 0 0 0 1 1 1 1 1 1 1 1 1   0.01441   0.12277   0.00901   0.01943   0.46394
BS79-3 0 0 0 0 0 2 0 0 0 0 0 0 9 0 0 0 9 0 9 1 1 0 1 1 1 1 1 1 1 1 0 1 1 1 1 1 0 0 0 0 0 0 0 0 0   0.01836   0.15663   0.00965   0.02135   0.45192
BS79-4 2 2 2 2 2 0 0 0 1 1 1 1 9 1 1 1 9 1 9 1 1 1 1 1 1 0 0 0 0 0 0 0 0 0 0 0 0 0 0 1 1 1 1 1 1   0.01247   0.13827   0.00833   0.01749   0.47596
BS79-5 0 0 0 0 0 0 1 1 0 0 0 0 9 0 1 1 9 1 9 1 1 1 1 1 1 1 1 1 1 1 0 0 0 0 0 1 1 1 1 1 1 1 1 1 1   0.01094   0.09332   0.00841   0.01749   0.48077
BS80-1 0 0 0 0 0 2 0 0 0 0 0 1 9 1 1 1 9 1 9 1 1 1 0 0 0 1 1 1 1 1 1 1 1 1 1 1 1 1 1 1 0 0 0 0 0   0.01589   0.15364   0.00926   0.02038   0.45433
BS80-2 0 0 0 0 2 2 1 1 1 1 1 1 9 1 1 1 9 1 9 1 1 1 1 1 1 1 0 9 0 0 0 0 0 0 0 0 0 0 0 0 0 0 0 0 1   0.02331   0.18706   0.01069   0.02366   0.45192
BS80-3 0 0 2 2 2 0 1 1 1 1 1 1 9 1 1 1 9 1 9 0 0 0 0 0 0 0 0 1 1 1 1 1 1 1 1 1 1 1 1 1 1 1 1 1 1   0.00745   0.08765   0.00739   0.01553   0.47596
BS80-4 2 2 0 2 2 2 0 0 0 0 0 0 9 0 0 0 9 1 9 1 1 1 1 1 1 1 1 1 1 1 1 1 1 1 1 1 1 1 1 1 1 1 1 1 1   0.00711   0.09257   0.00715   0.01533   0.46635
BS80-5 2 2 0 0 0 0 1 1 1 1 1 1 9 1 1 1 9 1 9 0 0 0 1 1 1 1 1 1 1 1 0 0 0 0 0 0 0 0 0 0 0 0 0 0 0   0.01314   0.13936   0.00865   0.01818   0.47596
BS81-1 0 0 0 0 0 0 0 0 0 0 1 1 9 1 1 1 9 1 9 1 1 1 1 1 1 1 1 1 1 1 1 1 1 1 1 1 1 1 1 1 0 0 0 0 1   0.01174   0.12556   0.00823   0.01793   0.45913
BS81-2 2 2 2 2 2 2 1 1 1 1 1 1 9 0 0 0 9 1 9 1 1 1 1 1 1 1 1 1 1 1 1 1 0 0 0 0 0 0 0 0 0 0 1 1 1   0.01306   0.09643   0.00865   0.01846   0.46875
BS81-3 2 2 2 2 2 2 0 0 0 0 0 0 9 1 1 1 9 1 9 0 0 0 1 1 1 1 1 1 1 1 1 1 1 1 0 0 0 0 0 0 0 0 1 1 1   0.00956   0.12102   0.00757   0.01693   0.44712
BS81-4 2 2 0 0 0 0 1 1 1 1 1 1 9 0 0 0 9 0 9 0 1 1 0 0 0 0 0 0 1 1 1 1 1 1 0 0 0 0 0 0 0 0 0 0 0   0.01910   0.16596   0.00976   0.02093   0.46635
BS81-5 0 0 0 0 0 0 1 1 1 1 1 1 9 0 0 0 9 1 9 1 1 1 1 1 1 1 0 0 0 0 0 0 0 0 0 0 0 0 0 0 0 0 0 0 0   0.02083   0.17453   0.01021   0.02179   0.46875
BS82-2 0 0 0 0 0 0 1 1 1 1 1 1 9 0 0 0 9 1 9 1 1 1 1 1 0 0 0 0 0 0 0 0 0 0 0 0 1 1 1 1 1 1 1 1 1   0.01537   0.13429   0.00916   0.01974   0.46394
BS82-3 0 0 0 0 0 0 1 1 1 1 1 1 9 1 1 1 9 1 9 0 0 0 1 1 1 1 1 1 1 1 1 0 0 0 0 0 0 0 0 0 0 0 1 1 1   0.01283   0.12966   0.00867   0.01841   0.47115
BS82-4 2 2 2 0 0 2 1 0 0 0 0 0 9 0 0 0 9 1 9 1 1 1 1 1 1 1 1 1 1 1 1 1 1 1 1 1 1 1 1 1 1 1 1 1 1   0.00523   0.07941   0.00691   0.01538   0.44952
BS82-5 2 2 2 2 2 2 1 0 0 0 0 0 9 0 0 0 9 0 9 1 1 1 0 0 0 0 0 0 0 0 0 0 0 0 0 0 0 0 1 1 1 0 0 0 0   0.02090   0.16358   0.01033   0.02263   0.45673
BS83-1 0 0 0 0 0 0 1 1 1 1 1 1 9 1 1 1 9 1 9 1 1 1 1 1 1 1 1 1 1 0 0 9 0 0 0 0 0 0 0 0 0 0 0 0 0   0.01797   0.12869   0.01013   0.02097   0.48317
BS83-2 0 0 0 0 0 0 1 1 1 1 1 1 9 0 0 0 9 1 9 1 1 1 0 0 1 1 1 0 0 0 0 0 1 1 1 1 1 0 0 0 0 0 0 1 1   0.01544   0.14162   0.00913   0.01948   0.46875
BS83-3 2 2 2 2 2 2 0 0 0 0 1 1 9 1 1 1 9 1 9 1 1 1 1 1 1 1 1 0 0 0 1 1 1 1 1 1 1 1 1 1 1 0 0 0 0   0.00833   0.10518   0.00767   0.01671   0.45913
BS83-4 2 2 0 2 2 2 1 0 0 0 0 0 9 0 0 1 9 0 9 0 0 0 0 0 0 0 0 0 1 1 1 1 1 1 1 1 1 1 1 1 1 1 1 1 1   0.00858   0.12061   0.00750   0.01624   0.46154
BS83-5 2 2 2 2 2 0 1 1 1 1 1 1 9 1 1 0 9 1 9 1 1 1 0 0 0 0 0 0 9 0 0 0 0 0 0 0 0 0 0 0 0 0 0 0 0   0.01869   0.17328   0.00980   0.02101   0.46635
BS84-2 2 2 2 2 2 9 1 1 1 1 1 1 9 0 0 0 9 1 9 1 1 1 0 0 0 0 0 1 1 1 1 1 1 1 1 1 1 1 1 1 1 1 1 1 1   0.00010   0.06871   0.00588   0.01301   0.45192
BS84-3 0 0 0 2 2 2 1 1 1 1 1 1 9 1 1 1 9 1 9 1 1 1 0 0 1 1 1 1 1 1 1 1 1 1 1 1 1 0 0 0 0 0 0 1 1   0.00493   0.08266   0.00679   0.01470   0.46154
BS84-4 0 0 0 0 0 0 0 0 0 0 0 0 9 0 0 0 9 0 9 0 0 0 1 1 1 1 1 1 1 1 0 0 0 0 0 0 0 0 0 0 0 0 0 1 1   0.02426   0.18024   0.01106   0.02385   0.46394
BS85-1 2 2 2 0 0 9 1 1 1 1 1 1 9 1 1 1 9 1 9 1 1 1 0 0 0 0 0 0 0 0 9 0 0 0 1 1 1 1 1 1 1 1 9 1 1   0.01148   0.12395   0.00833   0.01815   0.45913
BS85-2 0 0 0 0 0 0 1 0 1 1 1 1 9 1 1 1 9 1 9 1 1 1 1 1 1 1 0 0 0 0 0 0 0 0 0 0 1 1 1 1 1 1 1 1 1   0.01118   0.10183   0.00838   0.01835   0.45673
BS85-3 0 0 0 0 0 0 0 0 0 0 0 0 9 1 1 1 9 0 9 0 0 0 0 0 0 0 0 0 0 0 0 1 1 1 1 0 0 0 0 0 0 0 0 0 0   0.02710   0.20916   0.01161   0.02490   0.46635
BS85-4 0 0 0 0 0 0 1 1 1 1 1 1 9 1 1 1 9 1 9 0 0 0 1 1 1 0 0 0 0 0 0 0 0 0 0 0 0 0 0 1 1 1 1 1 1   0.01939   0.15592   0.01009   0.02175   0.46394
BS85-5 2 2 2 2 0 0 1 0 0 0 0 0 9 1 1 1 9 0 9 0 1 1 1 1 1 1 1 1 1 1 1 1 1 1 1 1 1 0 0 0 0 0 0 0 0   0.00878   0.12538   0.00759   0.01619   0.46875
BS86-1 2 2 2 2 2 2 1 1 1 1 1 1 9 1 1 1 9 1 9 1 1 1 1 1 1 1 1 1 1 1 1 1 1 1 1 1 0 0 0 0 0 0 0 0 0   0.00784   0.08440   0.00743   0.01636   0.45433
BS86-2 2 2 2 0 0 0 0 0 0 0 0 0 9 0 0 0 9 0 9 0 0 0 0 0 0 0 0 0 0 0 0 0 0 0 0 1 1 1 1 1 1 0 0 0 0   0.02575   0.18532   0.01161   0.02596   0.44712
BS86-3 0 0 0 0 0 9 0 0 0 0 0 0 9 0 0 0 9 0 9 0 0 0 1 1 1 1 1 1 0 0 0 0 0 0 0 0 0 1 1 1 1 1 1 1 1   0.01851   0.17720   0.00949   0.02056   0.46154
BS86-4 0 0 0 0 0 2 1 1 1 1 1 1 9 1 1 1 9 0 9 0 0 0 1 1 1 1 1 1 1 1 1 9 1 1 1 9 1 1 1 1 1 1 1 1 1   0.00244   0.06504   0.00640   0.01416   0.45192
BS86-5 0 0 0 0 0 0 1 1 1 1 1 0 9 0 0 0 9 0 9 0 0 0 1 1 1 1 1 1 1 1 1 1 0 1 1 1 1 0 0 0 0 0 0 0 0   0.01320   0.13640   0.00856   0.01836   0.46635
BS88-4 0 0 2 2 2 2 1 1 1 0 0 0 9 0 0 0 9 1 9 1 0 0 0 0 0 0 0 0 0 0 0 0 0 0 0 0 0 0 0 0 0 0 0 0 0   0.02930   0.20219   0.01220   0.02699   0.45192
BS88-5 0 0 0 2 2 2 1 1 1 1 1 1 9 0 0 0 9 1 9 0 0 0 0 0 0 0 1 1 1 1 1 1 1 1 1 1 1 1 0 0 1 1 1 1 1   0.00970   0.09986   0.00771   0.01698   0.45433
BS89-1 2 2 2 2 0 0 0 0 0 0 0 0 9 1 1 1 9 1 9 0 0 0 0 0 1 1 1 1 1 1 1 1 1 1 1 1 1 1 1 1 1 1 1 1 1   0.00524   0.09669   0.00688   0.01424   0.48317
BS89-2 0 0 0 0 0 0 9 0 0 0 0 0 9 1 1 1 9 1 9 1 1 1 0 0 0 0 0 9 0 0 0 0 1 1 1 1 1 0 0 0 1 1 1 1 1   0.01930   0.17878   0.00989   0.02166   0.45673
BS89-4 2 2 2 2 2 2 1 1 1 1 1 1 9 1 1 1 9 0 9 0 0 0 0 0 0 0 0 0 0 0 0 0 1 1 1 1 1 1 0 0 0 0 0 0 0   0.02003   0.15912   0.01024   0.02267   0.45192
BS89-5 0 0 0 0 2 2 0 0 0 0 0 0 9 0 1 1 9 0 9 0 0 0 0 0 0 0 0 1 1 1 1 1 1 1 1 0 0 0 0 0 0 1 1 1 1   0.02504   0.17868   0.01129   0.02446   0.46154
BS90-1 2 2 2 2 2 0 0 0 0 0 0 0 9 0 1 1 9 1 9 1 1 1 1 1 1 1 1 1 1 1 1 1 1 1 1 1 1 1 1 0 0 0 0 0 0   0.01146   0.11517   0.00820   0.01714   0.47837
BS90-2 0 0 0 0 0 0 0 0 0 1 1 1 9 1 1 1 9 1 9 0 0 0 1 1 1 1 1 1 0 0 0 1 1 1 1 1 1 1 1 0 0 0 1 1 1   0.01062   0.10491   0.00804   0.01714   0.46875
BS90-3 9 0 0 0 0 0 0 0 0 0 0 0 9 1 1 1 9 0 9 0 0 0 1 1 1 1 1 9 1 1 1 0 1 9 1 1 1 1 1 1 9 1 1 1 1   0.00975   0.15194   0.00765   0.01640   0.46635
BS90-4 0 0 2 2 2 0 0 0 0 0 0 0 9 0 0 0 9 0 9 0 0 1 1 0 0 0 0 0 0 0 0 0 0 0 0 0 0 0 0 0 0 0 0 0 0   0.03001   0.21829   0.01236   0.02650   0.46635
BS90-5 0 0 0 0 0 0 1 1 0 0 0 0 9 1 1 1 9 1 9 1 1 1 0 0 0 0 0 0 0 0 1 1 1 1 1 1 0 0 0 0 0 0 0 0 0   0.02198   0.18241   0.01066   0.02252   0.47356
BS91-1 2 2 2 2 2 2 0 0 0 0 0 0 9 0 0 0 9 0 9 0 0 0 0 0 0 0 0 0 1 1 1 1 1 1 1 1 0 0 0 0 0 0 0 0 0   0.01830   0.18797   0.00934   0.02003   0.46635
BS91-2 2 2 0 0 0 0 0 0 0 1 1 1 9 1 1 1 9 1 9 1 1 1 0 0 0 0 1 1 1 1 1 1 1 1 1 1 1 1 1 1 1 1 1 1 1   0.00752   0.12931   0.00726   0.01607   0.45192
BS91-3 2 2 2 0 0 0 1 1 1 1 1 0 9 1 1 1 9 1 9 1 1 9 0 0 0 0 0 0 0 0 0 0 0 0 0 0 0 0 0 1 1 1 1 1 1   0.01344   0.14852   0.00856   0.01895   0.45192
BS91-4 2 2 2 2 2 0 1 1 1 1 0 0 9 0 0 0 9 0 9 0 0 0 1 1 1 1 1 1 1 1 1 1 1 1 1 1 1 1 1 1 1 1 1 1 1   0.00313   0.05027   0.00634   0.01410   0.44952
BS91-5 0 0 0 0 2 2 1 1 1 1 1 1 9 1 1 1 9 0 9 1 1 1 0 0 0 0 1 1 1 1 1 1 0 0 0 0 0 0 0 1 1 1 1 1 1   0.01309   0.13703   0.00848   0.02004   0.42308
BS92-1 2 2 2 0 0 0 0 0 0 0 0 0 9 1 1 1 9 0 9 0 0 0 0 0 0 0 0 0 0 0 0 0 1 1 1 0 0 0 0 0 1 1 1 1 1   0.02322   0.17983   0.01100   0.02409   0.45673
BS92-2 0 0 0 0 0 0 0 0 1 1 1 1 9 1 1 1 9 1 9 1 1 1 1 1 1 1 1 1 1 1 1 1 1 1 1 1 1 1 1 1 1 1 1 1 1   0.00307   0.05770   0.00653   0.01401   0.46635
BS92-3 0 0 0 0 0 0 1 1 1 1 1 1 9 0 0 0 9 0 9 0 0 1 1 1 1 1 1 1 1 1 1 1 1 1 1 1 1 1 1 1 1 0 0 0 0   0.00775   0.12896   0.00716   0.01505   0.47596
BS92-4 2 2 2 2 0 0 1 1 1 1 1 1 9 0 0 0 9 1 9 0 0 0 0 0 0 0 0 0 0 0 0 0 1 1 1 1 1 1 1 0 0 0 0 0 0   0.01354   0.15499   0.00832   0.01852   0.44952
BS92-5 2 2 2 2 2 2 1 1 1 1 1 1 9 1 1 1 9 1 9 1 1 1 1 1 0 0 0 0 0 0 0 1 1 0 0 1 1 1 1 1 1 1 1 1 1   0.00319   0.07343   0.00641   0.01418   0.45192
BS93-1 2 2 2 2 2 2 1 1 1 1 1 1 9 1 1 1 9 1 9 1 1 0 0 0 0 0 0 0 9 0 1 1 1 1 1 1 1 1 1 0 0 0 0 0 0   0.01248   0.14534   0.00822   0.01900   0.43269
BS93-2 2 2 2 2 2 2 0 0 0 0 0 0 9 0 0 0 9 1 9 0 0 0 0 0 1 1 1 1 1 1 1 1 1 1 1 1 1 1 1 1 0 0 0 0 0   0.01426   0.13504   0.00848   0.01896   0.44712
BS93-3 0 0 0 0 0 0 0 0 0 0 0 0 9 0 0 0 9 0 9 1 1 1 1 1 1 1 1 1 1 1 1 1 1 1 1 1 1 1 1 1 1 1 1 1 1   0.00958   0.11947   0.00767   0.01735   0.44231
BS93-4 0 0 0 0 0 0 1 1 1 1 1 1 9 0 0 0 9 1 9 1 1 1 1 1 1 1 1 0 0 0 0 0 1 1 1 1 1 1 1 1 1 1 1 1 1   0.01026   0.13285   0.00767   0.01745   0.43990
BS93-5 0 0 0 0 0 0 0 0 0 0 0 0 9 0 0 0 9 0 9 1 1 1 0 0 0 0 0 0 1 1 1 1 1 1 1 1 1 1 1 1 0 0 0 0 0   0.02363   0.18473   0.01097   0.02507   0.43750
BS94-1 2 2 2 2 2 2 0 0 0 0 1 1 9 1 1 1 9 1 9 1 1 1 0 0 0 0 0 1 1 1 1 1 1 1 1 1 1 1 1 0 0 0 0 0 0   0.01249   0.15155   0.00823   0.01747   0.47115
BS94-2 2 2 2 2 0 0 1 1 1 1 1 1 9 1 1 1 9 1 9 0 0 0 1 1 1 1 1 1 1 1 1 1 1 1 1 1 1 1 1 1 1 1 1 1 1  -0.00612   0.02126   0.00476   0.01065   0.44712
BS94-3 2 2 2 2 2 2 0 0 0 0 0 0 9 1 1 1 9 1 9 0 0 0 0 0 0 0 0 0 1 1 1 1 1 1 1 1 1 1 1 1 1 0 0 0 0   0.01416   0.13269   0.00889   0.01937   0.45913
BS94-4 0 0 0 2 2 0 1 1 1 1 1 1 9 1 1 1 9 1 9 1 1 1 1 1 1 1 1 0 0 0 0 0 0 0 0 0 0 1 1 1 1 1 1 1 1   0.01103   0.10215   0.00820   0.01804   0.45433
BS95-1 2 2 2 2 0 0 1 1 1 1 1 1 9 1 1 1 9 1 9 1 1 1 0 0 0 0 0 0 0 0 0 0 0 0 0 1 1 1 1 1 0 0 0 0 0   0.01133   0.13000   0.00823   0.01765   0.46635
BS95-2 2 2 2 2 2 2 1 1 1 1 1 1 9 0 0 0 9 0 9 0 0 0 1 1 1 1 1 1 1 0 0 0 0 0 0 0 0 0 0 0 0 0 0 0 0   0.01263   0.14464   0.00819   0.01841   0.44471
BS95-3 0 0 0 0 0 0 1 1 1 1 1 1 9 1 1 1 9 0 9 0 0 0 0 0 0 0 0 0 0 0 0 0 0 0 0 0 0 0 0 0 0 0 0 0 0   0.02199   0.18402   0.01053   0.02475   0.42548
BS95-4 0 0 0 0 0 0 0 0 0 0 0 0 9 1 1 1 9 0 9 0 0 0 1 1 1 1 1 1 1 1 1 1 1 1 1 0 0 0 0 0 0 0 0 0 0   0.01878   0.16192   0.00994   0.02099   0.47356
BS95-5 2 0 0 0 0 0 0 0 0 0 0 0 9 0 0 0 9 0 9 1 1 1 0 0 0 0 0 0 0 0 0 1 1 1 1 0 0 0 0 0 0 0 0 0 0   0.02270   0.20927   0.01038   0.02203   0.47115
BS96-1 2 2 2 0 0 0 0 0 1 1 1 1 9 1 1 1 9 0 9 0 0 0 0 0 1 1 1 1 1 1 1 1 1 1 1 1 1 1 1 1 1 1 1 1 1   0.00315   0.06030   0.00655   0.01377   0.47596
BS96-2 2 2 2 2 2 2 1 1 1 1 1 1 9 1 1 1 9 1 9 1 1 1 1 1 1 1 1 1 1 1 1 0 0 1 1 1 0 0 0 0 0 0 0 0 0   0.00545   0.09761   0.00678   0.01540   0.43990
BS96-3 2 2 0 0 0 2 1 1 1 1 1 1 9 1 1 1 9 1 9 1 1 1 0 0 0 0 0 0 0 0 0 1 1 1 1 1 1 1 1 1 1 1 1 1 1   0.00538   0.13430   0.00678   0.01469   0.46154
BS96-4 0 0 0 0 0 0 0 0 0 0 0 0 9 0 0 0 9 0 9 0 0 0 0 0 0 0 0 1 1 1 1 1 1 1 1 1 0 0 0 0 0 0 0 1 1   0.02586   0.21303   0.01111   0.02358   0.47115
BS96-5 0 0 0 0 0 0 0 0 0 0 0 0 9 0 0 0 9 0 9 0 0 1 0 0 0 0 0 0 0 0 0 0 0 0 0 0 0 1 1 1 1 1 1 1 1   0.02447   0.19905   0.01100   0.02322   0.47356
BS97-1 2 2 2 0 0 0 0 0 0 0 0 0 9 0 1 1 9 0 9 0 0 0 1 1 1 1 1 1 1 1 1 1 1 1 1 0 0 1 1 1 1 0 0 0 0   0.01404   0.14767   0.00865   0.01894   0.45673
BS97-2 2 2 2 2 2 2 1 1 1 1 1 1 9 1 1 1 9 0 9 0 0 0 1 1 0 0 0 0 0 0 0 0 0 0 0 0 0 0 0 0 0 1 1 0 0   0.01732   0.16913   0.00934   0.01992   0.46875
BS97-3 0 0 0 0 0 0 0 0 1 1 1 1 9 1 0 0 9 1 9 0 0 0 0 0 0 0 0 1 1 1 1 1 1 1 1 1 1 1 1 1 1 1 1 1 1   0.00856   0.12122   0.00750   0.01591   0.47115
BS97-4 0 0 0 0 0 0 0 0 1 1 1 1 9 0 0 0 9 0 9 0 0 0 0 0 0 0 1 1 1 1 1 1 1 1 1 1 0 0 0 0 0 0 0 0 0   0.02159   0.18839   0.01023   0.02182   0.46875
BS97-5 0 0 0 0 2 2 1 1 1 1 0 0 9 1 1 1 9 1 9 1 1 0 0 0 0 0 0 1 1 1 1 1 1 1 1 1 1 1 1 1 1 0 0 0 0   0.01350   0.12242   0.00881   0.01869   0.47115
BS98-1 2 2 2 2 0 0 0 0 0 0 0 0 9 1 1 1 9 1 9 1 1 1 0 0 0 0 0 0 1 1 1 1 1 1 1 1 1 1 1 1 0 0 0 0 0   0.01228   0.15428   0.00826   0.01735   0.47596
BS98-2 0 2 2 2 2 2 0 0 0 1 1 1 9 1 1 9 9 1 9 1 1 1 0 0 0 0 0 1 1 1 1 1 1 1 1 0 1 1 1 1 1 1 1 1 1   0.00417   0.09120   0.00656   0.01414   0.46394
BS98-3 2 2 2 0 0 0 1 1 1 1 1 1 9 0 0 0 9 0 9 0 0 0 1 1 1 1 0 0 0 0 0 0 0 0 0 0 0 0 0 0 0 0 0 0 0   0.02162   0.17344   0.01038   0.02226   0.46635
BS98-4 0 0 0 0 0 0 1 0 0 0 0 0 9 1 1 1 9 1 9 1 1 1 0 0 0 0 0 0 0 0 1 0 0 0 0 0 0 0 0 0 0 0 0 0 0   0.02878   0.18675   0.01264   0.02682   0.47115
BS98-5 0 0 0 2 2 2 0 0 0 0 1 1 9 1 1 1 9 1 9 0 0 0 1 1 1 1 1 1 1 1 1 1 1 1 1 1 0 0 0 0 0 0 0 0 1   0.01315   0.14249   0.00839   0.01780   0.47115
BS99-1 2 2 2 2 2 2 1 1 1 1 1 1 9 1 1 1 9 1 9 0 0 0 1 1 1 1 1 0 0 0 0 1 1 1 1 1 1 1 1 0 0 0 0 0 0   0.00738   0.12304   0.00696   0.01540   0.45192
BS99-2 2 2 2 2 0 0 0 0 0 0 0 0 9 0 0 0 9 0 9 0 0 0 1 1 1 1 1 1 1 1 1 0 0 0 0 0 0 0 0 0 0 0 0 0 0   0.02084   0.18722   0.00992   0.02074   0.47837
BS99-3 9 0 0 0 0 0 0 0 0 9 0 9 9 9 0 1 9 1 9 1 1 1 9 1 1 9 1 1 0 0 0 0 9 0 0 0 1 1 1 1 1 1 1 1 9   0.01489   0.14710   0.00894   0.01898   0.47115
BS99-4 0 0 0 0 0 0 9 1 1 1 1 1 9 9 0 0 9 0 9 1 1 0 0 0 0 0 0 9 0 0 0 0 0 0 0 0 0 0 1 1 1 1 1 9 1   0.02124   0.16277   0.01044   0.02262   0.46154
BS99-5 0 0 0 0 2 2 0 0 0 0 0 0 9 9 0 0 9 1 9 1 1 1 0 0 0 0 0 9 0 0 0 0 1 1 1 0 0 0 0 0 0 0 0 1 1   0.02377   0.19722   0.01062   0.02427   0.43750

